<?xml version="1.0" encoding="utf-8"?>
<CoverageSession>
  <Summary numSequencePoints="453" visitedSequencePoints="80" numBranchPoints="28" visitedBranchPoints="5" sequenceCoverage="17.66" branchCoverage="17.85" maxCyclomaticComplexity="32" minCyclomaticComplexity="4" visitedClasses="12" numClasses="48" visitedMethods="21" numMethods="82" />
  <Modules>
    <Module hash="8E808B63-4239-4D9B-A889-A68C606CFA78">
      <ModulePath>Application.dll</ModulePath>
      <ModuleTime>2021-05-26T08:55:59</ModuleTime>
      <ModuleName>Application</ModuleName>
      <Files>
        <File uid="1" fullPath="C:\Fac\SysopSquadEvaluations\Evaluations\Application\DependencyInjection.cs" />
        <File uid="2" fullPath="C:\Fac\SysopSquadEvaluations\Evaluations\Application\Helpers\AutoMapperProfile.cs" />
        <File uid="3" fullPath="C:\Fac\SysopSquadEvaluations\Evaluations\Application\Helpers\CommandModelHelper.cs" />
        <File uid="4" fullPath="C:\Fac\SysopSquadEvaluations\Evaluations\Application\Features\EvaluationFeatures\Queries\GetEvaluationByIdQuery\GetEvaluationByIdQuery.cs" />
        <File uid="5" fullPath="C:\Fac\SysopSquadEvaluations\Evaluations\Application\Features\EvaluationFeatures\Queries\GetEvaluationByIdQuery\GetEvaluationByIdQueryHandler.cs" />
        <File uid="6" fullPath="C:\Fac\SysopSquadEvaluations\Evaluations\Application\Features\EvaluationFeatures\Queries\GetAverageScorByIdConsultantQuery\GetAverageScorByIdConsultantQuery.cs" />
        <File uid="7" fullPath="C:\Fac\SysopSquadEvaluations\Evaluations\Application\Features\EvaluationFeatures\Queries\GetAverageScorByIdConsultantQuery\GetAverageScorByIdConsultantQueryHandler.cs" />
        <File uid="8" fullPath="C:\Fac\SysopSquadEvaluations\Evaluations\Application\Features\EvaluationFeatures\Queries\GetAllEvaluationsQuery\GetAllEvaluationsQueryHandler.cs" />
        <File uid="9" fullPath="C:\Fac\SysopSquadEvaluations\Evaluations\Application\Features\EvaluationFeatures\Commands\UpdateEvaluationByIdCommand\UpdateEvaluationByIdCommand.cs" />
        <File uid="10" fullPath="C:\Fac\SysopSquadEvaluations\Evaluations\Application\Features\EvaluationFeatures\Commands\UpdateEvaluationByIdCommand\UpdateEvaluationByIdCommandHandler.cs" />
        <File uid="11" fullPath="C:\Fac\SysopSquadEvaluations\Evaluations\Application\Features\EvaluationFeatures\Commands\DeleteEvaluationByIdCommand\DeleteEvaluationByIdCommand.cs" />
        <File uid="12" fullPath="C:\Fac\SysopSquadEvaluations\Evaluations\Application\Features\EvaluationFeatures\Commands\DeleteEvaluationByIdCommand\DeleteEvaluationByIdCommandHandler.cs" />
        <File uid="13" fullPath="C:\Fac\SysopSquadEvaluations\Evaluations\Application\Features\EvaluationFeatures\Commands\CreateEvaluationCommand\CreateEvaluationCommandHandler.cs" />
      </Files>
      <Classes>
        <Class>
          <Summary numSequencePoints="4" visitedSequencePoints="0" numBranchPoints="0" visitedBranchPoints="0" sequenceCoverage="0" branchCoverage="100" maxCyclomaticComplexity="1" minCyclomaticComplexity="1" visitedClasses="0" numClasses="1" visitedMethods="0" numMethods="1" />
          <FullName>Application.DependencyInjection</FullName>
          <Methods>
            <Method cyclomaticComplexity="1" nPathComplexity="0" sequenceCoverage="0" branchCoverage="100" isConstructor="False" isGetter="False" isSetter="False" isStatic="True">
              <Summary numSequencePoints="4" visitedSequencePoints="0" numBranchPoints="0" visitedBranchPoints="0" sequenceCoverage="0" branchCoverage="100" maxCyclomaticComplexity="1" minCyclomaticComplexity="1" visitedClasses="0" numClasses="0" visitedMethods="0" numMethods="1" />
              <MetadataToken />
              <Name>System.Void Application.DependencyInjection::AddApplication(Microsoft.Extensions.DependencyInjection.IServiceCollection)</Name>
              <FileRef uid="1" />
              <SequencePoints>
                <SequencePoint vc="0" uspid="11" ordinal="0" sl="11" sc="1" el="11" ec="2" bec="0" bev="0" fileid="1" />
                <SequencePoint vc="0" uspid="12" ordinal="1" sl="12" sc="1" el="12" ec="2" bec="0" bev="0" fileid="1" />
                <SequencePoint vc="0" uspid="13" ordinal="2" sl="13" sc="1" el="13" ec="2" bec="0" bev="0" fileid="1" />
                <SequencePoint vc="0" uspid="14" ordinal="3" sl="14" sc="1" el="14" ec="2" bec="0" bev="0" fileid="1" />
              </SequencePoints>
              <BranchPoints />
              <MethodPoint vc="0" uspid="0" p8:type="SequencePoint" ordinal="0" offset="0" sc="0" sl="11" ec="1" el="14" bec="0" bev="0" fileid="1" xmlns:p8="xsi" />
            </Method>
          </Methods>
        </Class>
        <Class>
          <Summary numSequencePoints="5" visitedSequencePoints="0" numBranchPoints="0" visitedBranchPoints="0" sequenceCoverage="0" branchCoverage="100" maxCyclomaticComplexity="1" minCyclomaticComplexity="1" visitedClasses="0" numClasses="1" visitedMethods="0" numMethods="1" />
          <FullName>Application.Helpers.AutoMapperProfile</FullName>
          <Methods>
            <Method cyclomaticComplexity="1" nPathComplexity="0" sequenceCoverage="0" branchCoverage="100" isConstructor="True" isGetter="False" isSetter="False" isStatic="True">
              <Summary numSequencePoints="5" visitedSequencePoints="0" numBranchPoints="0" visitedBranchPoints="0" sequenceCoverage="0" branchCoverage="100" maxCyclomaticComplexity="1" minCyclomaticComplexity="1" visitedClasses="0" numClasses="0" visitedMethods="0" numMethods="1" />
              <MetadataToken />
              <Name>System.Void Application.Helpers.AutoMapperProfile::.ctor()</Name>
              <FileRef uid="2" />
              <SequencePoints>
                <SequencePoint vc="0" uspid="10" ordinal="0" sl="10" sc="1" el="10" ec="2" bec="0" bev="0" fileid="2" />
                <SequencePoint vc="0" uspid="11" ordinal="1" sl="11" sc="1" el="11" ec="2" bec="0" bev="0" fileid="2" />
                <SequencePoint vc="0" uspid="12" ordinal="2" sl="12" sc="1" el="12" ec="2" bec="0" bev="0" fileid="2" />
                <SequencePoint vc="0" uspid="13" ordinal="3" sl="13" sc="1" el="13" ec="2" bec="0" bev="0" fileid="2" />
                <SequencePoint vc="0" uspid="14" ordinal="4" sl="14" sc="1" el="14" ec="2" bec="0" bev="0" fileid="2" />
              </SequencePoints>
              <BranchPoints />
              <MethodPoint vc="0" uspid="0" p8:type="SequencePoint" ordinal="0" offset="0" sc="0" sl="10" ec="1" el="14" bec="0" bev="0" fileid="2" xmlns:p8="xsi" />
            </Method>
          </Methods>
        </Class>
        <Class>
          <Summary numSequencePoints="3" visitedSequencePoints="0" numBranchPoints="0" visitedBranchPoints="0" sequenceCoverage="0" branchCoverage="100" maxCyclomaticComplexity="1" minCyclomaticComplexity="1" visitedClasses="0" numClasses="1" visitedMethods="0" numMethods="3" />
          <FullName>Application.Helpers.CommandModelHelper</FullName>
          <Methods>
            <Method cyclomaticComplexity="1" nPathComplexity="0" sequenceCoverage="0" branchCoverage="100" isConstructor="False" isGetter="True" isSetter="False" isStatic="True">
              <Summary numSequencePoints="1" visitedSequencePoints="0" numBranchPoints="0" visitedBranchPoints="0" sequenceCoverage="0" branchCoverage="100" maxCyclomaticComplexity="1" minCyclomaticComplexity="1" visitedClasses="0" numClasses="0" visitedMethods="0" numMethods="1" />
              <MetadataToken />
              <Name>System.Int32 Application.Helpers.CommandModelHelper::get_Scor()</Name>
              <FileRef uid="3" />
              <SequencePoints>
                <SequencePoint vc="0" uspid="10" ordinal="0" sl="10" sc="1" el="10" ec="2" bec="0" bev="0" fileid="3" />
              </SequencePoints>
              <BranchPoints />
              <MethodPoint vc="0" uspid="0" p8:type="SequencePoint" ordinal="0" offset="0" sc="0" sl="10" ec="1" el="10" bec="0" bev="0" fileid="3" xmlns:p8="xsi" />
            </Method>
            <Method cyclomaticComplexity="1" nPathComplexity="0" sequenceCoverage="0" branchCoverage="100" isConstructor="False" isGetter="True" isSetter="False" isStatic="True">
              <Summary numSequencePoints="1" visitedSequencePoints="0" numBranchPoints="0" visitedBranchPoints="0" sequenceCoverage="0" branchCoverage="100" maxCyclomaticComplexity="1" minCyclomaticComplexity="1" visitedClasses="0" numClasses="0" visitedMethods="0" numMethods="1" />
              <MetadataToken />
              <Name>System.String Application.Helpers.CommandModelHelper::get_UserId()</Name>
              <FileRef uid="3" />
              <SequencePoints>
                <SequencePoint vc="0" uspid="14" ordinal="0" sl="14" sc="1" el="14" ec="2" bec="0" bev="0" fileid="3" />
              </SequencePoints>
              <BranchPoints />
              <MethodPoint vc="0" uspid="0" p8:type="SequencePoint" ordinal="1" offset="1" sc="0" sl="14" ec="1" el="14" bec="0" bev="0" fileid="3" xmlns:p8="xsi" />
            </Method>
            <Method cyclomaticComplexity="1" nPathComplexity="0" sequenceCoverage="0" branchCoverage="100" isConstructor="False" isGetter="True" isSetter="False" isStatic="True">
              <Summary numSequencePoints="1" visitedSequencePoints="0" numBranchPoints="0" visitedBranchPoints="0" sequenceCoverage="0" branchCoverage="100" maxCyclomaticComplexity="1" minCyclomaticComplexity="1" visitedClasses="0" numClasses="0" visitedMethods="0" numMethods="1" />
              <MetadataToken />
              <Name>System.String Application.Helpers.CommandModelHelper::get_ConsultantId()</Name>
              <FileRef uid="3" />
              <SequencePoints>
                <SequencePoint vc="0" uspid="18" ordinal="0" sl="18" sc="1" el="18" ec="2" bec="0" bev="0" fileid="3" />
              </SequencePoints>
              <BranchPoints />
              <MethodPoint vc="0" uspid="0" p8:type="SequencePoint" ordinal="2" offset="2" sc="0" sl="18" ec="1" el="18" bec="0" bev="0" fileid="3" xmlns:p8="xsi" />
            </Method>
          </Methods>
        </Class>
        <Class>
          <Summary numSequencePoints="4" visitedSequencePoints="0" numBranchPoints="0" visitedBranchPoints="0" sequenceCoverage="0" branchCoverage="100" maxCyclomaticComplexity="1" minCyclomaticComplexity="1" visitedClasses="0" numClasses="1" visitedMethods="0" numMethods="1" />
          <FullName>Application.Features.EvaluationFeatures.Queries.GetEvaluationByIdQuery.GetEvaluationByIdQuery</FullName>
          <Methods>
            <Method cyclomaticComplexity="1" nPathComplexity="0" sequenceCoverage="0" branchCoverage="100" isConstructor="True" isGetter="False" isSetter="False" isStatic="True">
              <Summary numSequencePoints="4" visitedSequencePoints="0" numBranchPoints="0" visitedBranchPoints="0" sequenceCoverage="0" branchCoverage="100" maxCyclomaticComplexity="1" minCyclomaticComplexity="1" visitedClasses="0" numClasses="0" visitedMethods="0" numMethods="1" />
              <MetadataToken />
              <Name>System.Void Application.Features.EvaluationFeatures.Queries.GetEvaluationByIdQuery.GetEvaluationByIdQuery::.ctor(System.String)</Name>
              <FileRef uid="4" />
              <SequencePoints>
                <SequencePoint vc="0" uspid="14" ordinal="0" sl="14" sc="1" el="14" ec="2" bec="0" bev="0" fileid="4" />
                <SequencePoint vc="0" uspid="15" ordinal="1" sl="15" sc="1" el="15" ec="2" bec="0" bev="0" fileid="4" />
                <SequencePoint vc="0" uspid="16" ordinal="2" sl="16" sc="1" el="16" ec="2" bec="0" bev="0" fileid="4" />
                <SequencePoint vc="0" uspid="17" ordinal="3" sl="17" sc="1" el="17" ec="2" bec="0" bev="0" fileid="4" />
              </SequencePoints>
              <BranchPoints />
              <MethodPoint vc="0" uspid="0" p8:type="SequencePoint" ordinal="0" offset="0" sc="0" sl="14" ec="1" el="17" bec="0" bev="0" fileid="4" xmlns:p8="xsi" />
            </Method>
          </Methods>
        </Class>
        <Class>
          <Summary numSequencePoints="4" visitedSequencePoints="0" numBranchPoints="0" visitedBranchPoints="0" sequenceCoverage="0" branchCoverage="100" maxCyclomaticComplexity="1" minCyclomaticComplexity="1" visitedClasses="0" numClasses="1" visitedMethods="0" numMethods="1" />
          <FullName>Application.Features.EvaluationFeatures.Queries.GetEvaluationByIdQuery.GetEvaluationByIdQueryHandler</FullName>
          <Methods>
            <Method cyclomaticComplexity="1" nPathComplexity="0" sequenceCoverage="0" branchCoverage="100" isConstructor="True" isGetter="False" isSetter="False" isStatic="True">
              <Summary numSequencePoints="4" visitedSequencePoints="0" numBranchPoints="0" visitedBranchPoints="0" sequenceCoverage="0" branchCoverage="100" maxCyclomaticComplexity="1" minCyclomaticComplexity="1" visitedClasses="0" numClasses="0" visitedMethods="0" numMethods="1" />
              <MetadataToken />
              <Name>System.Void Application.Features.EvaluationFeatures.Queries.GetEvaluationByIdQuery.GetEvaluationByIdQueryHandler::.ctor(Application.Interfaces.IEvaluationRepository)</Name>
              <FileRef uid="5" />
              <SequencePoints>
                <SequencePoint vc="0" uspid="14" ordinal="0" sl="14" sc="1" el="14" ec="2" bec="0" bev="0" fileid="5" />
                <SequencePoint vc="0" uspid="15" ordinal="1" sl="15" sc="1" el="15" ec="2" bec="0" bev="0" fileid="5" />
                <SequencePoint vc="0" uspid="16" ordinal="2" sl="16" sc="1" el="16" ec="2" bec="0" bev="0" fileid="5" />
                <SequencePoint vc="0" uspid="17" ordinal="3" sl="17" sc="1" el="17" ec="2" bec="0" bev="0" fileid="5" />
              </SequencePoints>
              <BranchPoints />
              <MethodPoint vc="0" uspid="0" p8:type="SequencePoint" ordinal="0" offset="0" sc="0" sl="14" ec="1" el="17" bec="0" bev="0" fileid="5" xmlns:p8="xsi" />
            </Method>
          </Methods>
        </Class>
        <Class>
          <Summary numSequencePoints="6" visitedSequencePoints="0" numBranchPoints="2" visitedBranchPoints="0" sequenceCoverage="0" branchCoverage="0" maxCyclomaticComplexity="2" minCyclomaticComplexity="2" visitedClasses="0" numClasses="1" visitedMethods="0" numMethods="1" />
          <FullName>Application.Features.EvaluationFeatures.Queries.GetEvaluationByIdQuery.GetEvaluationByIdQueryHandler/&lt;Handle&gt;d__2</FullName>
          <Methods>
            <Method cyclomaticComplexity="2" nPathComplexity="0" sequenceCoverage="0" branchCoverage="0" isConstructor="False" isGetter="False" isSetter="False" isStatic="True">
              <Summary numSequencePoints="6" visitedSequencePoints="0" numBranchPoints="2" visitedBranchPoints="0" sequenceCoverage="0" branchCoverage="0" maxCyclomaticComplexity="2" minCyclomaticComplexity="2" visitedClasses="0" numClasses="0" visitedMethods="0" numMethods="1" />
              <MetadataToken />
              <Name>System.Void Application.Features.EvaluationFeatures.Queries.GetEvaluationByIdQuery.GetEvaluationByIdQueryHandler/&lt;Handle&gt;d__2::MoveNext()</Name>
              <FileRef uid="5" />
              <SequencePoints>
                <SequencePoint vc="0" uspid="19" ordinal="0" sl="19" sc="1" el="19" ec="2" bec="0" bev="0" fileid="5" />
                <SequencePoint vc="0" uspid="20" ordinal="1" sl="20" sc="1" el="20" ec="2" bec="0" bev="0" fileid="5" />
                <SequencePoint vc="0" uspid="21" ordinal="2" sl="21" sc="1" el="21" ec="2" bec="2" bev="0" fileid="5" />
                <SequencePoint vc="0" uspid="22" ordinal="3" sl="22" sc="1" el="22" ec="2" bec="0" bev="0" fileid="5" />
                <SequencePoint vc="0" uspid="23" ordinal="4" sl="23" sc="1" el="23" ec="2" bec="0" bev="0" fileid="5" />
                <SequencePoint vc="0" uspid="24" ordinal="5" sl="24" sc="1" el="24" ec="2" bec="0" bev="0" fileid="5" />
              </SequencePoints>
              <BranchPoints>
                <BranchPoint vc="0" uspid="21" ordinal="0" path="0" offset="169" offsetend="171" sl="21" fileid="5" />
                <BranchPoint vc="0" uspid="21" ordinal="1" path="1" offset="169" offsetend="187" sl="21" fileid="5" />
              </BranchPoints>
              <MethodPoint vc="0" uspid="0" p8:type="SequencePoint" ordinal="0" offset="0" sc="0" sl="19" ec="1" el="24" bec="0" bev="0" fileid="5" xmlns:p8="xsi" />
            </Method>
          </Methods>
        </Class>
        <Class>
          <Summary numSequencePoints="4" visitedSequencePoints="0" numBranchPoints="0" visitedBranchPoints="0" sequenceCoverage="0" branchCoverage="100" maxCyclomaticComplexity="1" minCyclomaticComplexity="1" visitedClasses="0" numClasses="1" visitedMethods="0" numMethods="1" />
          <FullName>Application.Features.EvaluationFeatures.Queries.GetAverageScorByIdConsultantQuery.GetAverageScorByIdConsultantQuery</FullName>
          <Methods>
            <Method cyclomaticComplexity="1" nPathComplexity="0" sequenceCoverage="0" branchCoverage="100" isConstructor="True" isGetter="False" isSetter="False" isStatic="True">
              <Summary numSequencePoints="4" visitedSequencePoints="0" numBranchPoints="0" visitedBranchPoints="0" sequenceCoverage="0" branchCoverage="100" maxCyclomaticComplexity="1" minCyclomaticComplexity="1" visitedClasses="0" numClasses="0" visitedMethods="0" numMethods="1" />
              <MetadataToken />
              <Name>System.Void Application.Features.EvaluationFeatures.Queries.GetAverageScorByIdConsultantQuery.GetAverageScorByIdConsultantQuery::.ctor(System.String)</Name>
              <FileRef uid="6" />
              <SequencePoints>
                <SequencePoint vc="0" uspid="13" ordinal="0" sl="13" sc="1" el="13" ec="2" bec="0" bev="0" fileid="6" />
                <SequencePoint vc="0" uspid="14" ordinal="1" sl="14" sc="1" el="14" ec="2" bec="0" bev="0" fileid="6" />
                <SequencePoint vc="0" uspid="15" ordinal="2" sl="15" sc="1" el="15" ec="2" bec="0" bev="0" fileid="6" />
                <SequencePoint vc="0" uspid="16" ordinal="3" sl="16" sc="1" el="16" ec="2" bec="0" bev="0" fileid="6" />
              </SequencePoints>
              <BranchPoints />
              <MethodPoint vc="0" uspid="0" p8:type="SequencePoint" ordinal="0" offset="0" sc="0" sl="13" ec="1" el="16" bec="0" bev="0" fileid="6" xmlns:p8="xsi" />
            </Method>
          </Methods>
        </Class>
        <Class>
          <Summary numSequencePoints="4" visitedSequencePoints="0" numBranchPoints="0" visitedBranchPoints="0" sequenceCoverage="0" branchCoverage="100" maxCyclomaticComplexity="1" minCyclomaticComplexity="1" visitedClasses="0" numClasses="1" visitedMethods="0" numMethods="1" />
          <FullName>Application.Features.EvaluationFeatures.Queries.GetAverageScorByIdConsultantQuery.GetAverageScorByIdConsultantQueryHandler</FullName>
          <Methods>
            <Method cyclomaticComplexity="1" nPathComplexity="0" sequenceCoverage="0" branchCoverage="100" isConstructor="True" isGetter="False" isSetter="False" isStatic="True">
              <Summary numSequencePoints="4" visitedSequencePoints="0" numBranchPoints="0" visitedBranchPoints="0" sequenceCoverage="0" branchCoverage="100" maxCyclomaticComplexity="1" minCyclomaticComplexity="1" visitedClasses="0" numClasses="0" visitedMethods="0" numMethods="1" />
              <MetadataToken />
              <Name>System.Void Application.Features.EvaluationFeatures.Queries.GetAverageScorByIdConsultantQuery.GetAverageScorByIdConsultantQueryHandler::.ctor(Application.Interfaces.IEvaluationRepository)</Name>
              <FileRef uid="7" />
              <SequencePoints>
                <SequencePoint vc="0" uspid="13" ordinal="0" sl="13" sc="1" el="13" ec="2" bec="0" bev="0" fileid="7" />
                <SequencePoint vc="0" uspid="14" ordinal="1" sl="14" sc="1" el="14" ec="2" bec="0" bev="0" fileid="7" />
                <SequencePoint vc="0" uspid="15" ordinal="2" sl="15" sc="1" el="15" ec="2" bec="0" bev="0" fileid="7" />
                <SequencePoint vc="0" uspid="16" ordinal="3" sl="16" sc="1" el="16" ec="2" bec="0" bev="0" fileid="7" />
              </SequencePoints>
              <BranchPoints />
              <MethodPoint vc="0" uspid="0" p8:type="SequencePoint" ordinal="0" offset="0" sc="0" sl="13" ec="1" el="16" bec="0" bev="0" fileid="7" xmlns:p8="xsi" />
            </Method>
          </Methods>
        </Class>
        <Class>
          <Summary numSequencePoints="6" visitedSequencePoints="0" numBranchPoints="2" visitedBranchPoints="0" sequenceCoverage="0" branchCoverage="0" maxCyclomaticComplexity="2" minCyclomaticComplexity="2" visitedClasses="0" numClasses="1" visitedMethods="0" numMethods="1" />
          <FullName>Application.Features.EvaluationFeatures.Queries.GetAverageScorByIdConsultantQuery.GetAverageScorByIdConsultantQueryHandler/&lt;Handle&gt;d__2</FullName>
          <Methods>
            <Method cyclomaticComplexity="2" nPathComplexity="0" sequenceCoverage="0" branchCoverage="0" isConstructor="False" isGetter="False" isSetter="False" isStatic="True">
              <Summary numSequencePoints="6" visitedSequencePoints="0" numBranchPoints="2" visitedBranchPoints="0" sequenceCoverage="0" branchCoverage="0" maxCyclomaticComplexity="2" minCyclomaticComplexity="2" visitedClasses="0" numClasses="0" visitedMethods="0" numMethods="1" />
              <MetadataToken />
              <Name>System.Void Application.Features.EvaluationFeatures.Queries.GetAverageScorByIdConsultantQuery.GetAverageScorByIdConsultantQueryHandler/&lt;Handle&gt;d__2::MoveNext()</Name>
              <FileRef uid="7" />
              <SequencePoints>
                <SequencePoint vc="0" uspid="19" ordinal="0" sl="19" sc="1" el="19" ec="2" bec="0" bev="0" fileid="7" />
                <SequencePoint vc="0" uspid="20" ordinal="1" sl="20" sc="1" el="20" ec="2" bec="0" bev="0" fileid="7" />
                <SequencePoint vc="0" uspid="21" ordinal="2" sl="21" sc="1" el="21" ec="2" bec="2" bev="0" fileid="7" />
                <SequencePoint vc="0" uspid="22" ordinal="3" sl="22" sc="1" el="22" ec="2" bec="0" bev="0" fileid="7" />
                <SequencePoint vc="0" uspid="23" ordinal="4" sl="23" sc="1" el="23" ec="2" bec="0" bev="0" fileid="7" />
                <SequencePoint vc="0" uspid="24" ordinal="5" sl="24" sc="1" el="24" ec="2" bec="0" bev="0" fileid="7" />
              </SequencePoints>
              <BranchPoints>
                <BranchPoint vc="0" uspid="21" ordinal="0" path="0" offset="166" offsetend="168" sl="21" fileid="7" />
                <BranchPoint vc="0" uspid="21" ordinal="1" path="1" offset="166" offsetend="184" sl="21" fileid="7" />
              </BranchPoints>
              <MethodPoint vc="0" uspid="0" p8:type="SequencePoint" ordinal="0" offset="0" sc="0" sl="19" ec="1" el="24" bec="0" bev="0" fileid="7" xmlns:p8="xsi" />
            </Method>
          </Methods>
        </Class>
        <Class>
          <Summary numSequencePoints="4" visitedSequencePoints="0" numBranchPoints="0" visitedBranchPoints="0" sequenceCoverage="0" branchCoverage="100" maxCyclomaticComplexity="1" minCyclomaticComplexity="1" visitedClasses="0" numClasses="1" visitedMethods="0" numMethods="1" />
          <FullName>Application.Features.EvaluationFeatures.Queries.GetAllEvaluationsQuery.GetAllEvaluationsQueryHandler</FullName>
          <Methods>
            <Method cyclomaticComplexity="1" nPathComplexity="0" sequenceCoverage="0" branchCoverage="100" isConstructor="True" isGetter="False" isSetter="False" isStatic="True">
              <Summary numSequencePoints="4" visitedSequencePoints="0" numBranchPoints="0" visitedBranchPoints="0" sequenceCoverage="0" branchCoverage="100" maxCyclomaticComplexity="1" minCyclomaticComplexity="1" visitedClasses="0" numClasses="0" visitedMethods="0" numMethods="1" />
              <MetadataToken />
              <Name>System.Void Application.Features.EvaluationFeatures.Queries.GetAllEvaluationsQuery.GetAllEvaluationsQueryHandler::.ctor(Application.Interfaces.IEvaluationRepository)</Name>
              <FileRef uid="8" />
              <SequencePoints>
                <SequencePoint vc="0" uspid="14" ordinal="0" sl="14" sc="1" el="14" ec="2" bec="0" bev="0" fileid="8" />
                <SequencePoint vc="0" uspid="15" ordinal="1" sl="15" sc="1" el="15" ec="2" bec="0" bev="0" fileid="8" />
                <SequencePoint vc="0" uspid="16" ordinal="2" sl="16" sc="1" el="16" ec="2" bec="0" bev="0" fileid="8" />
                <SequencePoint vc="0" uspid="17" ordinal="3" sl="17" sc="1" el="17" ec="2" bec="0" bev="0" fileid="8" />
              </SequencePoints>
              <BranchPoints />
              <MethodPoint vc="0" uspid="0" p8:type="SequencePoint" ordinal="0" offset="0" sc="0" sl="14" ec="1" el="17" bec="0" bev="0" fileid="8" xmlns:p8="xsi" />
            </Method>
          </Methods>
        </Class>
        <Class>
          <Summary numSequencePoints="3" visitedSequencePoints="0" numBranchPoints="0" visitedBranchPoints="0" sequenceCoverage="0" branchCoverage="100" maxCyclomaticComplexity="1" minCyclomaticComplexity="1" visitedClasses="0" numClasses="1" visitedMethods="0" numMethods="1" />
          <FullName>Application.Features.EvaluationFeatures.Queries.GetAllEvaluationsQuery.GetAllEvaluationsQueryHandler/&lt;Handle&gt;d__2</FullName>
          <Methods>
            <Method cyclomaticComplexity="1" nPathComplexity="0" sequenceCoverage="0" branchCoverage="100" isConstructor="False" isGetter="False" isSetter="False" isStatic="True">
              <Summary numSequencePoints="3" visitedSequencePoints="0" numBranchPoints="0" visitedBranchPoints="0" sequenceCoverage="0" branchCoverage="100" maxCyclomaticComplexity="1" minCyclomaticComplexity="1" visitedClasses="0" numClasses="0" visitedMethods="0" numMethods="1" />
              <MetadataToken />
              <Name>System.Void Application.Features.EvaluationFeatures.Queries.GetAllEvaluationsQuery.GetAllEvaluationsQueryHandler/&lt;Handle&gt;d__2::MoveNext()</Name>
              <FileRef uid="8" />
              <SequencePoints>
                <SequencePoint vc="0" uspid="20" ordinal="0" sl="20" sc="1" el="20" ec="2" bec="0" bev="0" fileid="8" />
                <SequencePoint vc="0" uspid="21" ordinal="1" sl="21" sc="1" el="21" ec="2" bec="0" bev="0" fileid="8" />
                <SequencePoint vc="0" uspid="22" ordinal="2" sl="22" sc="1" el="22" ec="2" bec="0" bev="0" fileid="8" />
              </SequencePoints>
              <BranchPoints />
              <MethodPoint vc="0" uspid="0" p8:type="SequencePoint" ordinal="0" offset="0" sc="0" sl="20" ec="1" el="22" bec="0" bev="0" fileid="8" xmlns:p8="xsi" />
            </Method>
          </Methods>
        </Class>
        <Class>
          <Summary numSequencePoints="1" visitedSequencePoints="0" numBranchPoints="0" visitedBranchPoints="0" sequenceCoverage="0" branchCoverage="100" maxCyclomaticComplexity="1" minCyclomaticComplexity="1" visitedClasses="0" numClasses="1" visitedMethods="0" numMethods="1" />
          <FullName>Application.Features.EvaluationFeatures.Commands.UpdateEvaluationByIdCommand.UpdateEvaluationByIdCommand</FullName>
          <Methods>
            <Method cyclomaticComplexity="1" nPathComplexity="0" sequenceCoverage="0" branchCoverage="100" isConstructor="False" isGetter="True" isSetter="False" isStatic="True">
              <Summary numSequencePoints="1" visitedSequencePoints="0" numBranchPoints="0" visitedBranchPoints="0" sequenceCoverage="0" branchCoverage="100" maxCyclomaticComplexity="1" minCyclomaticComplexity="1" visitedClasses="0" numClasses="0" visitedMethods="0" numMethods="1" />
              <MetadataToken />
              <Name>System.String Application.Features.EvaluationFeatures.Commands.UpdateEvaluationByIdCommand.UpdateEvaluationByIdCommand::get_Id()</Name>
              <FileRef uid="9" />
              <SequencePoints>
                <SequencePoint vc="0" uspid="14" ordinal="0" sl="14" sc="1" el="14" ec="2" bec="0" bev="0" fileid="9" />
              </SequencePoints>
              <BranchPoints />
              <MethodPoint vc="0" uspid="0" p8:type="SequencePoint" ordinal="0" offset="0" sc="0" sl="14" ec="1" el="14" bec="0" bev="0" fileid="9" xmlns:p8="xsi" />
            </Method>
          </Methods>
        </Class>
        <Class>
          <Summary numSequencePoints="5" visitedSequencePoints="0" numBranchPoints="0" visitedBranchPoints="0" sequenceCoverage="0" branchCoverage="100" maxCyclomaticComplexity="1" minCyclomaticComplexity="1" visitedClasses="0" numClasses="1" visitedMethods="0" numMethods="1" />
          <FullName>Application.Features.EvaluationFeatures.Commands.UpdateEvaluationByIdCommand.UpdateEvaluationByIdCommandHandler</FullName>
          <Methods>
            <Method cyclomaticComplexity="1" nPathComplexity="0" sequenceCoverage="0" branchCoverage="100" isConstructor="True" isGetter="False" isSetter="False" isStatic="True">
              <Summary numSequencePoints="5" visitedSequencePoints="0" numBranchPoints="0" visitedBranchPoints="0" sequenceCoverage="0" branchCoverage="100" maxCyclomaticComplexity="1" minCyclomaticComplexity="1" visitedClasses="0" numClasses="0" visitedMethods="0" numMethods="1" />
              <MetadataToken />
              <Name>System.Void Application.Features.EvaluationFeatures.Commands.UpdateEvaluationByIdCommand.UpdateEvaluationByIdCommandHandler::.ctor(Application.Interfaces.IEvaluationRepository,AutoMapper.IMapper)</Name>
              <FileRef uid="10" />
              <SequencePoints>
                <SequencePoint vc="0" uspid="15" ordinal="0" sl="15" sc="1" el="15" ec="2" bec="0" bev="0" fileid="10" />
                <SequencePoint vc="0" uspid="16" ordinal="1" sl="16" sc="1" el="16" ec="2" bec="0" bev="0" fileid="10" />
                <SequencePoint vc="0" uspid="17" ordinal="2" sl="17" sc="1" el="17" ec="2" bec="0" bev="0" fileid="10" />
                <SequencePoint vc="0" uspid="18" ordinal="3" sl="18" sc="1" el="18" ec="2" bec="0" bev="0" fileid="10" />
                <SequencePoint vc="0" uspid="19" ordinal="4" sl="19" sc="1" el="19" ec="2" bec="0" bev="0" fileid="10" />
              </SequencePoints>
              <BranchPoints />
              <MethodPoint vc="0" uspid="0" p8:type="SequencePoint" ordinal="0" offset="0" sc="0" sl="15" ec="1" el="19" bec="0" bev="0" fileid="10" xmlns:p8="xsi" />
            </Method>
          </Methods>
        </Class>
        <Class>
          <Summary numSequencePoints="8" visitedSequencePoints="0" numBranchPoints="2" visitedBranchPoints="0" sequenceCoverage="0" branchCoverage="0" maxCyclomaticComplexity="2" minCyclomaticComplexity="2" visitedClasses="0" numClasses="1" visitedMethods="0" numMethods="1" />
          <FullName>Application.Features.EvaluationFeatures.Commands.UpdateEvaluationByIdCommand.UpdateEvaluationByIdCommandHandler/&lt;Handle&gt;d__3</FullName>
          <Methods>
            <Method cyclomaticComplexity="2" nPathComplexity="0" sequenceCoverage="0" branchCoverage="0" isConstructor="False" isGetter="False" isSetter="False" isStatic="True">
              <Summary numSequencePoints="8" visitedSequencePoints="0" numBranchPoints="2" visitedBranchPoints="0" sequenceCoverage="0" branchCoverage="0" maxCyclomaticComplexity="2" minCyclomaticComplexity="2" visitedClasses="0" numClasses="0" visitedMethods="0" numMethods="1" />
              <MetadataToken />
              <Name>System.Void Application.Features.EvaluationFeatures.Commands.UpdateEvaluationByIdCommand.UpdateEvaluationByIdCommandHandler/&lt;Handle&gt;d__3::MoveNext()</Name>
              <FileRef uid="10" />
              <SequencePoints>
                <SequencePoint vc="0" uspid="21" ordinal="0" sl="21" sc="1" el="21" ec="2" bec="0" bev="0" fileid="10" />
                <SequencePoint vc="0" uspid="22" ordinal="1" sl="22" sc="1" el="22" ec="2" bec="0" bev="0" fileid="10" />
                <SequencePoint vc="0" uspid="23" ordinal="2" sl="23" sc="1" el="23" ec="2" bec="0" bev="0" fileid="10" />
                <SequencePoint vc="0" uspid="24" ordinal="3" sl="24" sc="1" el="24" ec="2" bec="2" bev="0" fileid="10" />
                <SequencePoint vc="0" uspid="25" ordinal="4" sl="25" sc="1" el="25" ec="2" bec="0" bev="0" fileid="10" />
                <SequencePoint vc="0" uspid="26" ordinal="5" sl="26" sc="1" el="26" ec="2" bec="0" bev="0" fileid="10" />
                <SequencePoint vc="0" uspid="29" ordinal="6" sl="29" sc="1" el="29" ec="2" bec="0" bev="0" fileid="10" />
                <SequencePoint vc="0" uspid="30" ordinal="7" sl="30" sc="1" el="30" ec="2" bec="0" bev="0" fileid="10" />
              </SequencePoints>
              <BranchPoints>
                <BranchPoint vc="0" uspid="24" ordinal="0" path="0" offset="192" offsetend="194" sl="24" fileid="10" />
                <BranchPoint vc="0" uspid="24" ordinal="1" path="1" offset="192" offsetend="211" sl="24" fileid="10" />
              </BranchPoints>
              <MethodPoint vc="0" uspid="0" p8:type="SequencePoint" ordinal="0" offset="0" sc="0" sl="21" ec="1" el="30" bec="0" bev="0" fileid="10" xmlns:p8="xsi" />
            </Method>
          </Methods>
        </Class>
        <Class>
          <Summary numSequencePoints="4" visitedSequencePoints="0" numBranchPoints="0" visitedBranchPoints="0" sequenceCoverage="0" branchCoverage="100" maxCyclomaticComplexity="1" minCyclomaticComplexity="1" visitedClasses="0" numClasses="1" visitedMethods="0" numMethods="1" />
          <FullName>Application.Features.EvaluationFeatures.Commands.DeleteEvaluationByIdCommand.DeleteEvaluationByIdCommand</FullName>
          <Methods>
            <Method cyclomaticComplexity="1" nPathComplexity="0" sequenceCoverage="0" branchCoverage="100" isConstructor="True" isGetter="False" isSetter="False" isStatic="True">
              <Summary numSequencePoints="4" visitedSequencePoints="0" numBranchPoints="0" visitedBranchPoints="0" sequenceCoverage="0" branchCoverage="100" maxCyclomaticComplexity="1" minCyclomaticComplexity="1" visitedClasses="0" numClasses="0" visitedMethods="0" numMethods="1" />
              <MetadataToken />
              <Name>System.Void Application.Features.EvaluationFeatures.Commands.DeleteEvaluationByIdCommand.DeleteEvaluationByIdCommand::.ctor(System.String)</Name>
              <FileRef uid="11" />
              <SequencePoints>
                <SequencePoint vc="0" uspid="12" ordinal="0" sl="12" sc="1" el="12" ec="2" bec="0" bev="0" fileid="11" />
                <SequencePoint vc="0" uspid="13" ordinal="1" sl="13" sc="1" el="13" ec="2" bec="0" bev="0" fileid="11" />
                <SequencePoint vc="0" uspid="14" ordinal="2" sl="14" sc="1" el="14" ec="2" bec="0" bev="0" fileid="11" />
                <SequencePoint vc="0" uspid="15" ordinal="3" sl="15" sc="1" el="15" ec="2" bec="0" bev="0" fileid="11" />
              </SequencePoints>
              <BranchPoints />
              <MethodPoint vc="0" uspid="0" p8:type="SequencePoint" ordinal="0" offset="0" sc="0" sl="12" ec="1" el="15" bec="0" bev="0" fileid="11" xmlns:p8="xsi" />
            </Method>
          </Methods>
        </Class>
        <Class>
          <Summary numSequencePoints="4" visitedSequencePoints="0" numBranchPoints="0" visitedBranchPoints="0" sequenceCoverage="0" branchCoverage="100" maxCyclomaticComplexity="1" minCyclomaticComplexity="1" visitedClasses="0" numClasses="1" visitedMethods="0" numMethods="1" />
          <FullName>Application.Features.EvaluationFeatures.Commands.DeleteEvaluationByIdCommand.DeleteEvaluationByIdCommandHandler</FullName>
          <Methods>
            <Method cyclomaticComplexity="1" nPathComplexity="0" sequenceCoverage="0" branchCoverage="100" isConstructor="True" isGetter="False" isSetter="False" isStatic="True">
              <Summary numSequencePoints="4" visitedSequencePoints="0" numBranchPoints="0" visitedBranchPoints="0" sequenceCoverage="0" branchCoverage="100" maxCyclomaticComplexity="1" minCyclomaticComplexity="1" visitedClasses="0" numClasses="0" visitedMethods="0" numMethods="1" />
              <MetadataToken />
              <Name>System.Void Application.Features.EvaluationFeatures.Commands.DeleteEvaluationByIdCommand.DeleteEvaluationByIdCommandHandler::.ctor(Application.Interfaces.IEvaluationRepository)</Name>
              <FileRef uid="12" />
              <SequencePoints>
                <SequencePoint vc="0" uspid="11" ordinal="0" sl="11" sc="1" el="11" ec="2" bec="0" bev="0" fileid="12" />
                <SequencePoint vc="0" uspid="12" ordinal="1" sl="12" sc="1" el="12" ec="2" bec="0" bev="0" fileid="12" />
                <SequencePoint vc="0" uspid="13" ordinal="2" sl="13" sc="1" el="13" ec="2" bec="0" bev="0" fileid="12" />
                <SequencePoint vc="0" uspid="14" ordinal="3" sl="14" sc="1" el="14" ec="2" bec="0" bev="0" fileid="12" />
              </SequencePoints>
              <BranchPoints />
              <MethodPoint vc="0" uspid="0" p8:type="SequencePoint" ordinal="0" offset="0" sc="0" sl="11" ec="1" el="14" bec="0" bev="0" fileid="12" xmlns:p8="xsi" />
            </Method>
          </Methods>
        </Class>
        <Class>
          <Summary numSequencePoints="3" visitedSequencePoints="0" numBranchPoints="0" visitedBranchPoints="0" sequenceCoverage="0" branchCoverage="100" maxCyclomaticComplexity="1" minCyclomaticComplexity="1" visitedClasses="0" numClasses="1" visitedMethods="0" numMethods="1" />
          <FullName>Application.Features.EvaluationFeatures.Commands.DeleteEvaluationByIdCommand.DeleteEvaluationByIdCommandHandler/&lt;Handle&gt;d__2</FullName>
          <Methods>
            <Method cyclomaticComplexity="1" nPathComplexity="0" sequenceCoverage="0" branchCoverage="100" isConstructor="False" isGetter="False" isSetter="False" isStatic="True">
              <Summary numSequencePoints="3" visitedSequencePoints="0" numBranchPoints="0" visitedBranchPoints="0" sequenceCoverage="0" branchCoverage="100" maxCyclomaticComplexity="1" minCyclomaticComplexity="1" visitedClasses="0" numClasses="0" visitedMethods="0" numMethods="1" />
              <MetadataToken />
              <Name>System.Void Application.Features.EvaluationFeatures.Commands.DeleteEvaluationByIdCommand.DeleteEvaluationByIdCommandHandler/&lt;Handle&gt;d__2::MoveNext()</Name>
              <FileRef uid="12" />
              <SequencePoints>
                <SequencePoint vc="0" uspid="17" ordinal="0" sl="17" sc="1" el="17" ec="2" bec="0" bev="0" fileid="12" />
                <SequencePoint vc="0" uspid="18" ordinal="1" sl="18" sc="1" el="18" ec="2" bec="0" bev="0" fileid="12" />
                <SequencePoint vc="0" uspid="19" ordinal="2" sl="19" sc="1" el="19" ec="2" bec="0" bev="0" fileid="12" />
              </SequencePoints>
              <BranchPoints />
              <MethodPoint vc="0" uspid="0" p8:type="SequencePoint" ordinal="0" offset="0" sc="0" sl="17" ec="1" el="19" bec="0" bev="0" fileid="12" xmlns:p8="xsi" />
            </Method>
          </Methods>
        </Class>
        <Class>
          <Summary numSequencePoints="5" visitedSequencePoints="0" numBranchPoints="0" visitedBranchPoints="0" sequenceCoverage="0" branchCoverage="100" maxCyclomaticComplexity="1" minCyclomaticComplexity="1" visitedClasses="0" numClasses="1" visitedMethods="0" numMethods="1" />
          <FullName>Application.Features.EvaluationFeatures.Commands.CreateEvaluationCommand.CreateEvaluationCommandHandler</FullName>
          <Methods>
            <Method cyclomaticComplexity="1" nPathComplexity="0" sequenceCoverage="0" branchCoverage="100" isConstructor="True" isGetter="False" isSetter="False" isStatic="True">
              <Summary numSequencePoints="5" visitedSequencePoints="0" numBranchPoints="0" visitedBranchPoints="0" sequenceCoverage="0" branchCoverage="100" maxCyclomaticComplexity="1" minCyclomaticComplexity="1" visitedClasses="0" numClasses="0" visitedMethods="0" numMethods="1" />
              <MetadataToken />
              <Name>System.Void Application.Features.EvaluationFeatures.Commands.CreateEvaluationCommand.CreateEvaluationCommandHandler::.ctor(Application.Interfaces.IEvaluationRepository,AutoMapper.IMapper)</Name>
              <FileRef uid="13" />
              <SequencePoints>
                <SequencePoint vc="0" uspid="14" ordinal="0" sl="14" sc="1" el="14" ec="2" bec="0" bev="0" fileid="13" />
                <SequencePoint vc="0" uspid="15" ordinal="1" sl="15" sc="1" el="15" ec="2" bec="0" bev="0" fileid="13" />
                <SequencePoint vc="0" uspid="16" ordinal="2" sl="16" sc="1" el="16" ec="2" bec="0" bev="0" fileid="13" />
                <SequencePoint vc="0" uspid="17" ordinal="3" sl="17" sc="1" el="17" ec="2" bec="0" bev="0" fileid="13" />
                <SequencePoint vc="0" uspid="18" ordinal="4" sl="18" sc="1" el="18" ec="2" bec="0" bev="0" fileid="13" />
              </SequencePoints>
              <BranchPoints />
              <MethodPoint vc="0" uspid="0" p8:type="SequencePoint" ordinal="0" offset="0" sc="0" sl="14" ec="1" el="18" bec="0" bev="0" fileid="13" xmlns:p8="xsi" />
            </Method>
          </Methods>
        </Class>
        <Class>
          <Summary numSequencePoints="4" visitedSequencePoints="0" numBranchPoints="0" visitedBranchPoints="0" sequenceCoverage="0" branchCoverage="100" maxCyclomaticComplexity="1" minCyclomaticComplexity="1" visitedClasses="0" numClasses="1" visitedMethods="0" numMethods="1" />
          <FullName>Application.Features.EvaluationFeatures.Commands.CreateEvaluationCommand.CreateEvaluationCommandHandler/&lt;Handle&gt;d__3</FullName>
          <Methods>
            <Method cyclomaticComplexity="1" nPathComplexity="0" sequenceCoverage="0" branchCoverage="100" isConstructor="False" isGetter="False" isSetter="False" isStatic="True">
              <Summary numSequencePoints="4" visitedSequencePoints="0" numBranchPoints="0" visitedBranchPoints="0" sequenceCoverage="0" branchCoverage="100" maxCyclomaticComplexity="1" minCyclomaticComplexity="1" visitedClasses="0" numClasses="0" visitedMethods="0" numMethods="1" />
              <MetadataToken />
              <Name>System.Void Application.Features.EvaluationFeatures.Commands.CreateEvaluationCommand.CreateEvaluationCommandHandler/&lt;Handle&gt;d__3::MoveNext()</Name>
              <FileRef uid="13" />
              <SequencePoints>
                <SequencePoint vc="0" uspid="20" ordinal="0" sl="20" sc="1" el="20" ec="2" bec="0" bev="0" fileid="13" />
                <SequencePoint vc="0" uspid="21" ordinal="1" sl="21" sc="1" el="21" ec="2" bec="0" bev="0" fileid="13" />
                <SequencePoint vc="0" uspid="23" ordinal="2" sl="23" sc="1" el="23" ec="2" bec="0" bev="0" fileid="13" />
                <SequencePoint vc="0" uspid="24" ordinal="3" sl="24" sc="1" el="24" ec="2" bec="0" bev="0" fileid="13" />
              </SequencePoints>
              <BranchPoints />
              <MethodPoint vc="0" uspid="0" p8:type="SequencePoint" ordinal="0" offset="0" sc="0" sl="20" ec="1" el="24" bec="0" bev="0" fileid="13" xmlns:p8="xsi" />
            </Method>
          </Methods>
        </Class>
      </Classes>
    </Module>
    <Module hash="55835723-1CBA-4E38-828D-AB8E281EC932">
      <ModulePath>Domain.dll</ModulePath>
      <ModuleTime>2021-05-26T08:55:59</ModuleTime>
      <ModuleName>Domain</ModuleName>
      <Files>
        <File uid="14" fullPath="C:\Fac\SysopSquadEvaluations\Evaluations\Domain\Common\BaseEntity.cs" />
      </Files>
      <Classes>
        <Class>
          <Summary numSequencePoints="4" visitedSequencePoints="4" numBranchPoints="0" visitedBranchPoints="0" sequenceCoverage="100" branchCoverage="100" maxCyclomaticComplexity="1" minCyclomaticComplexity="1" visitedClasses="1" numClasses="1" visitedMethods="4" numMethods="4" />
          <FullName>Domain.Common.BaseEntity</FullName>
          <Methods>
            <Method cyclomaticComplexity="1" nPathComplexity="0" sequenceCoverage="100" branchCoverage="100" isConstructor="False" isGetter="True" isSetter="False" isStatic="True">
              <Summary numSequencePoints="1" visitedSequencePoints="1" numBranchPoints="0" visitedBranchPoints="0" sequenceCoverage="100" branchCoverage="100" maxCyclomaticComplexity="1" minCyclomaticComplexity="1" visitedClasses="0" numClasses="0" visitedMethods="1" numMethods="1" />
              <MetadataToken />
              <Name>System.String Domain.Common.BaseEntity::get_Id()</Name>
              <FileRef uid="14" />
              <SequencePoints>
                <SequencePoint vc="23" uspid="10" ordinal="0" sl="10" sc="1" el="10" ec="2" bec="0" bev="0" fileid="14" />
              </SequencePoints>
              <BranchPoints />
              <MethodPoint vc="1" uspid="0" p8:type="SequencePoint" ordinal="0" offset="0" sc="0" sl="10" ec="1" el="10" bec="0" bev="0" fileid="14" xmlns:p8="xsi" />
            </Method>
            <Method cyclomaticComplexity="1" nPathComplexity="0" sequenceCoverage="100" branchCoverage="100" isConstructor="False" isGetter="True" isSetter="False" isStatic="True">
              <Summary numSequencePoints="1" visitedSequencePoints="1" numBranchPoints="0" visitedBranchPoints="0" sequenceCoverage="100" branchCoverage="100" maxCyclomaticComplexity="1" minCyclomaticComplexity="1" visitedClasses="0" numClasses="0" visitedMethods="1" numMethods="1" />
              <MetadataToken />
              <Name>System.Int32 Domain.Common.BaseEntity::get_Scor()</Name>
              <FileRef uid="14" />
              <SequencePoints>
                <SequencePoint vc="21" uspid="11" ordinal="0" sl="11" sc="1" el="11" ec="2" bec="0" bev="0" fileid="14" />
              </SequencePoints>
              <BranchPoints />
              <MethodPoint vc="1" uspid="0" p8:type="SequencePoint" ordinal="1" offset="1" sc="0" sl="11" ec="1" el="11" bec="0" bev="0" fileid="14" xmlns:p8="xsi" />
            </Method>
            <Method cyclomaticComplexity="1" nPathComplexity="0" sequenceCoverage="100" branchCoverage="100" isConstructor="False" isGetter="True" isSetter="False" isStatic="True">
              <Summary numSequencePoints="1" visitedSequencePoints="1" numBranchPoints="0" visitedBranchPoints="0" sequenceCoverage="100" branchCoverage="100" maxCyclomaticComplexity="1" minCyclomaticComplexity="1" visitedClasses="0" numClasses="0" visitedMethods="1" numMethods="1" />
              <MetadataToken />
              <Name>System.String Domain.Common.BaseEntity::get_UserId()</Name>
              <FileRef uid="14" />
              <SequencePoints>
                <SequencePoint vc="18" uspid="13" ordinal="0" sl="13" sc="1" el="13" ec="2" bec="0" bev="0" fileid="14" />
              </SequencePoints>
              <BranchPoints />
              <MethodPoint vc="1" uspid="0" p8:type="SequencePoint" ordinal="2" offset="2" sc="0" sl="13" ec="1" el="13" bec="0" bev="0" fileid="14" xmlns:p8="xsi" />
            </Method>
            <Method cyclomaticComplexity="1" nPathComplexity="0" sequenceCoverage="100" branchCoverage="100" isConstructor="False" isGetter="True" isSetter="False" isStatic="True">
              <Summary numSequencePoints="1" visitedSequencePoints="1" numBranchPoints="0" visitedBranchPoints="0" sequenceCoverage="100" branchCoverage="100" maxCyclomaticComplexity="1" minCyclomaticComplexity="1" visitedClasses="0" numClasses="0" visitedMethods="1" numMethods="1" />
              <MetadataToken />
              <Name>System.String Domain.Common.BaseEntity::get_ConsultantId()</Name>
              <FileRef uid="14" />
              <SequencePoints>
                <SequencePoint vc="18" uspid="15" ordinal="0" sl="15" sc="1" el="15" ec="2" bec="0" bev="0" fileid="14" />
              </SequencePoints>
              <BranchPoints />
              <MethodPoint vc="1" uspid="0" p8:type="SequencePoint" ordinal="3" offset="3" sc="0" sl="15" ec="1" el="15" bec="0" bev="0" fileid="14" xmlns:p8="xsi" />
            </Method>
          </Methods>
        </Class>
      </Classes>
    </Module>
    <Module hash="BEB561E6-55B6-4C20-8451-5B2FA18E9ECA">
      <ModulePath>Persistence.dll</ModulePath>
      <ModuleTime>2021-05-26T08:55:59</ModuleTime>
      <ModuleName>Persistence</ModuleName>
      <Files>
        <File uid="15" fullPath="C:\Fac\SysopSquadEvaluations\Evaluations\Persistence\DependencyInjection.cs" />
        <File uid="16" fullPath="C:\Fac\SysopSquadEvaluations\Evaluations\Persistence\Repository\v1\EvaluationRepository.cs" />
        <File uid="17" fullPath="C:\Fac\SysopSquadEvaluations\Evaluations\Persistence\Repository\v1\Repository.cs" />
        <File uid="18" fullPath="C:\Fac\SysopSquadEvaluations\Evaluations\Persistence\Context\ApplicationDbContext.cs" />
        <File uid="19" fullPath="C:\Fac\SysopSquadEvaluations\Evaluations\Persistence\Context\EvaluationDatabaseSettings.cs" />
      </Files>
      <Classes>
        <Class>
          <Summary numSequencePoints="9" visitedSequencePoints="0" numBranchPoints="0" visitedBranchPoints="0" sequenceCoverage="0" branchCoverage="100" maxCyclomaticComplexity="1" minCyclomaticComplexity="1" visitedClasses="0" numClasses="1" visitedMethods="0" numMethods="1" />
          <FullName>Persistence.DependencyInjection</FullName>
          <Methods>
            <Method cyclomaticComplexity="1" nPathComplexity="0" sequenceCoverage="0" branchCoverage="100" isConstructor="False" isGetter="False" isSetter="False" isStatic="True">
              <Summary numSequencePoints="9" visitedSequencePoints="0" numBranchPoints="0" visitedBranchPoints="0" sequenceCoverage="0" branchCoverage="100" maxCyclomaticComplexity="1" minCyclomaticComplexity="1" visitedClasses="0" numClasses="0" visitedMethods="0" numMethods="1" />
              <MetadataToken />
              <Name>System.Void Persistence.DependencyInjection::AddPersistence(Microsoft.Extensions.DependencyInjection.IServiceCollection,Microsoft.Extensions.Configuration.IConfiguration)</Name>
              <FileRef uid="15" />
              <SequencePoints>
                <SequencePoint vc="0" uspid="13" ordinal="0" sl="13" sc="1" el="13" ec="2" bec="0" bev="0" fileid="15" />
                <SequencePoint vc="0" uspid="14" ordinal="1" sl="14" sc="1" el="14" ec="2" bec="0" bev="0" fileid="15" />
                <SequencePoint vc="0" uspid="16" ordinal="2" sl="16" sc="1" el="16" ec="2" bec="0" bev="0" fileid="15" />
                <SequencePoint vc="0" uspid="17" ordinal="3" sl="17" sc="1" el="17" ec="2" bec="0" bev="0" fileid="15" />
                <SequencePoint vc="0" uspid="19" ordinal="4" sl="19" sc="1" el="19" ec="2" bec="0" bev="0" fileid="15" />
                <SequencePoint vc="0" uspid="20" ordinal="5" sl="20" sc="1" el="20" ec="2" bec="0" bev="0" fileid="15" />
                <SequencePoint vc="0" uspid="23" ordinal="6" sl="23" sc="1" el="23" ec="2" bec="0" bev="0" fileid="15" />
                <SequencePoint vc="0" uspid="24" ordinal="7" sl="24" sc="1" el="24" ec="2" bec="0" bev="0" fileid="15" />
                <SequencePoint vc="0" uspid="26" ordinal="8" sl="26" sc="1" el="26" ec="2" bec="0" bev="0" fileid="15" />
              </SequencePoints>
              <BranchPoints />
              <MethodPoint vc="0" uspid="0" p8:type="SequencePoint" ordinal="0" offset="0" sc="0" sl="13" ec="1" el="26" bec="0" bev="0" fileid="15" xmlns:p8="xsi" />
            </Method>
          </Methods>
        </Class>
        <Class>
          <Summary numSequencePoints="3" visitedSequencePoints="3" numBranchPoints="0" visitedBranchPoints="0" sequenceCoverage="100" branchCoverage="100" maxCyclomaticComplexity="1" minCyclomaticComplexity="1" visitedClasses="1" numClasses="1" visitedMethods="1" numMethods="1" />
          <FullName>Persistence.Repository.v1.EvaluationRepository</FullName>
          <Methods>
            <Method cyclomaticComplexity="1" nPathComplexity="0" sequenceCoverage="100" branchCoverage="100" isConstructor="True" isGetter="False" isSetter="False" isStatic="True">
              <Summary numSequencePoints="3" visitedSequencePoints="3" numBranchPoints="0" visitedBranchPoints="0" sequenceCoverage="100" branchCoverage="100" maxCyclomaticComplexity="1" minCyclomaticComplexity="1" visitedClasses="0" numClasses="0" visitedMethods="1" numMethods="1" />
              <MetadataToken />
              <Name>System.Void Persistence.Repository.v1.EvaluationRepository::.ctor(Application.Interfaces.IApplicationDbContext)</Name>
              <FileRef uid="16" />
              <SequencePoints>
                <SequencePoint vc="1" uspid="9" ordinal="0" sl="9" sc="1" el="9" ec="2" bec="0" bev="0" fileid="16" />
                <SequencePoint vc="1" uspid="10" ordinal="1" sl="10" sc="1" el="10" ec="2" bec="0" bev="0" fileid="16" />
                <SequencePoint vc="1" uspid="11" ordinal="2" sl="11" sc="1" el="11" ec="2" bec="0" bev="0" fileid="16" />
              </SequencePoints>
              <BranchPoints />
              <MethodPoint vc="3" uspid="0" p8:type="SequencePoint" ordinal="0" offset="0" sc="0" sl="9" ec="1" el="11" bec="0" bev="0" fileid="16" xmlns:p8="xsi" />
            </Method>
          </Methods>
        </Class>
        <Class>
          <Summary numSequencePoints="4" visitedSequencePoints="4" numBranchPoints="0" visitedBranchPoints="0" sequenceCoverage="100" branchCoverage="100" maxCyclomaticComplexity="1" minCyclomaticComplexity="1" visitedClasses="1" numClasses="1" visitedMethods="1" numMethods="1" />
          <FullName>Persistence.Repository.v1.Repository`1</FullName>
          <Methods>
            <Method cyclomaticComplexity="1" nPathComplexity="0" sequenceCoverage="100" branchCoverage="100" isConstructor="True" isGetter="False" isSetter="False" isStatic="True">
              <Summary numSequencePoints="4" visitedSequencePoints="4" numBranchPoints="0" visitedBranchPoints="0" sequenceCoverage="100" branchCoverage="100" maxCyclomaticComplexity="1" minCyclomaticComplexity="1" visitedClasses="0" numClasses="0" visitedMethods="1" numMethods="1" />
              <MetadataToken />
              <Name>System.Void Persistence.Repository.v1.Repository`1::.ctor(Application.Interfaces.IApplicationDbContext)</Name>
              <FileRef uid="17" />
              <SequencePoints>
                <SequencePoint vc="1" uspid="15" ordinal="0" sl="15" sc="1" el="15" ec="2" bec="0" bev="0" fileid="17" />
                <SequencePoint vc="1" uspid="16" ordinal="1" sl="16" sc="1" el="16" ec="2" bec="0" bev="0" fileid="17" />
                <SequencePoint vc="1" uspid="17" ordinal="2" sl="17" sc="1" el="17" ec="2" bec="0" bev="0" fileid="17" />
                <SequencePoint vc="1" uspid="18" ordinal="3" sl="18" sc="1" el="18" ec="2" bec="0" bev="0" fileid="17" />
              </SequencePoints>
              <BranchPoints />
              <MethodPoint vc="4" uspid="0" p8:type="SequencePoint" ordinal="0" offset="0" sc="0" sl="15" ec="1" el="18" bec="0" bev="0" fileid="17" xmlns:p8="xsi" />
            </Method>
          </Methods>
        </Class>
        <Class>
          <Summary numSequencePoints="7" visitedSequencePoints="4" numBranchPoints="0" visitedBranchPoints="0" sequenceCoverage="57.14" branchCoverage="100" maxCyclomaticComplexity="1" minCyclomaticComplexity="1" visitedClasses="1" numClasses="1" visitedMethods="1" numMethods="1" />
          <FullName>Persistence.Repository.v1.Repository`1/&lt;GetAllAsync&gt;d__2</FullName>
          <Methods>
            <Method cyclomaticComplexity="1" nPathComplexity="0" sequenceCoverage="57.14" branchCoverage="100" isConstructor="False" isGetter="False" isSetter="False" isStatic="True">
              <Summary numSequencePoints="7" visitedSequencePoints="4" numBranchPoints="0" visitedBranchPoints="0" sequenceCoverage="57.14" branchCoverage="100" maxCyclomaticComplexity="1" minCyclomaticComplexity="1" visitedClasses="0" numClasses="0" visitedMethods="1" numMethods="1" />
              <MetadataToken />
              <Name>System.Void Persistence.Repository.v1.Repository`1/&lt;GetAllAsync&gt;d__2::MoveNext()</Name>
              <FileRef uid="17" />
              <SequencePoints>
                <SequencePoint vc="1" uspid="21" ordinal="0" sl="21" sc="1" el="21" ec="2" bec="0" bev="0" fileid="17" />
                <SequencePoint vc="1" uspid="23" ordinal="1" sl="23" sc="1" el="23" ec="2" bec="0" bev="0" fileid="17" />
                <SequencePoint vc="1" uspid="24" ordinal="2" sl="24" sc="1" el="24" ec="2" bec="0" bev="0" fileid="17" />
                <SequencePoint vc="0" uspid="26" ordinal="3" sl="26" sc="1" el="26" ec="2" bec="0" bev="0" fileid="17" />
                <SequencePoint vc="0" uspid="27" ordinal="4" sl="27" sc="1" el="27" ec="2" bec="0" bev="0" fileid="17" />
                <SequencePoint vc="0" uspid="28" ordinal="5" sl="28" sc="1" el="28" ec="2" bec="0" bev="0" fileid="17" />
                <SequencePoint vc="1" uspid="30" ordinal="6" sl="30" sc="1" el="30" ec="2" bec="0" bev="0" fileid="17" />
              </SequencePoints>
              <BranchPoints />
              <MethodPoint vc="4" uspid="0" p8:type="SequencePoint" ordinal="0" offset="0" sc="0" sl="21" ec="1" el="30" bec="0" bev="0" fileid="17" xmlns:p8="xsi" />
            </Method>
          </Methods>
        </Class>
        <Class>
          <Summary numSequencePoints="3" visitedSequencePoints="3" numBranchPoints="0" visitedBranchPoints="0" sequenceCoverage="100" branchCoverage="100" maxCyclomaticComplexity="1" minCyclomaticComplexity="1" visitedClasses="1" numClasses="1" visitedMethods="1" numMethods="1" />
          <FullName>Persistence.Repository.v1.Repository`1/&lt;GetByIdAsync&gt;d__3</FullName>
          <Methods>
            <Method cyclomaticComplexity="1" nPathComplexity="0" sequenceCoverage="100" branchCoverage="100" isConstructor="False" isGetter="False" isSetter="False" isStatic="True">
              <Summary numSequencePoints="3" visitedSequencePoints="3" numBranchPoints="0" visitedBranchPoints="0" sequenceCoverage="100" branchCoverage="100" maxCyclomaticComplexity="1" minCyclomaticComplexity="1" visitedClasses="0" numClasses="0" visitedMethods="1" numMethods="1" />
              <MetadataToken />
              <Name>System.Void Persistence.Repository.v1.Repository`1/&lt;GetByIdAsync&gt;d__3::MoveNext()</Name>
              <FileRef uid="17" />
              <SequencePoints>
                <SequencePoint vc="1" uspid="33" ordinal="0" sl="33" sc="1" el="33" ec="2" bec="0" bev="0" fileid="17" />
                <SequencePoint vc="1" uspid="35" ordinal="1" sl="35" sc="1" el="35" ec="2" bec="0" bev="0" fileid="17" />
                <SequencePoint vc="1" uspid="36" ordinal="2" sl="36" sc="1" el="36" ec="2" bec="0" bev="0" fileid="17" />
              </SequencePoints>
              <BranchPoints />
              <MethodPoint vc="3" uspid="0" p8:type="SequencePoint" ordinal="0" offset="0" sc="0" sl="33" ec="1" el="36" bec="0" bev="0" fileid="17" xmlns:p8="xsi" />
            </Method>
          </Methods>
        </Class>
        <Class>
          <Summary numSequencePoints="4" visitedSequencePoints="4" numBranchPoints="0" visitedBranchPoints="0" sequenceCoverage="100" branchCoverage="100" maxCyclomaticComplexity="1" minCyclomaticComplexity="1" visitedClasses="1" numClasses="1" visitedMethods="1" numMethods="1" />
          <FullName>Persistence.Repository.v1.Repository`1/&lt;CreateAsync&gt;d__4</FullName>
          <Methods>
            <Method cyclomaticComplexity="1" nPathComplexity="0" sequenceCoverage="100" branchCoverage="100" isConstructor="False" isGetter="False" isSetter="False" isStatic="True">
              <Summary numSequencePoints="4" visitedSequencePoints="4" numBranchPoints="0" visitedBranchPoints="0" sequenceCoverage="100" branchCoverage="100" maxCyclomaticComplexity="1" minCyclomaticComplexity="1" visitedClasses="0" numClasses="0" visitedMethods="1" numMethods="1" />
              <MetadataToken />
              <Name>System.Void Persistence.Repository.v1.Repository`1/&lt;CreateAsync&gt;d__4::MoveNext()</Name>
              <FileRef uid="17" />
              <SequencePoints>
                <SequencePoint vc="1" uspid="40" ordinal="0" sl="40" sc="1" el="40" ec="2" bec="0" bev="0" fileid="17" />
                <SequencePoint vc="1" uspid="42" ordinal="1" sl="42" sc="1" el="42" ec="2" bec="0" bev="0" fileid="17" />
                <SequencePoint vc="1" uspid="43" ordinal="2" sl="43" sc="1" el="43" ec="2" bec="0" bev="0" fileid="17" />
                <SequencePoint vc="1" uspid="44" ordinal="3" sl="44" sc="1" el="44" ec="2" bec="0" bev="0" fileid="17" />
              </SequencePoints>
              <BranchPoints />
              <MethodPoint vc="4" uspid="0" p8:type="SequencePoint" ordinal="0" offset="0" sc="0" sl="40" ec="1" el="44" bec="0" bev="0" fileid="17" xmlns:p8="xsi" />
            </Method>
          </Methods>
        </Class>
        <Class>
          <Summary numSequencePoints="9" visitedSequencePoints="7" numBranchPoints="2" visitedBranchPoints="1" sequenceCoverage="77.77" branchCoverage="50" maxCyclomaticComplexity="2" minCyclomaticComplexity="2" visitedClasses="1" numClasses="1" visitedMethods="1" numMethods="1" />
          <FullName>Persistence.Repository.v1.Repository`1/&lt;UpdateAsync&gt;d__5</FullName>
          <Methods>
            <Method cyclomaticComplexity="2" nPathComplexity="0" sequenceCoverage="77.77" branchCoverage="50" isConstructor="False" isGetter="False" isSetter="False" isStatic="True">
              <Summary numSequencePoints="9" visitedSequencePoints="7" numBranchPoints="2" visitedBranchPoints="1" sequenceCoverage="77.77" branchCoverage="50" maxCyclomaticComplexity="2" minCyclomaticComplexity="2" visitedClasses="0" numClasses="0" visitedMethods="1" numMethods="1" />
              <MetadataToken />
              <Name>System.Void Persistence.Repository.v1.Repository`1/&lt;UpdateAsync&gt;d__5::MoveNext()</Name>
              <FileRef uid="17" />
              <SequencePoints>
                <SequencePoint vc="1" uspid="47" ordinal="0" sl="47" sc="1" el="47" ec="2" bec="0" bev="0" fileid="17" />
                <SequencePoint vc="1" uspid="48" ordinal="1" sl="48" sc="1" el="48" ec="2" bec="0" bev="0" fileid="17" />
                <SequencePoint vc="1" uspid="49" ordinal="2" sl="49" sc="1" el="49" ec="2" bec="2" bev="1" fileid="17" />
                <SequencePoint vc="0" uspid="50" ordinal="3" sl="50" sc="1" el="50" ec="2" bec="0" bev="0" fileid="17" />
                <SequencePoint vc="0" uspid="51" ordinal="4" sl="51" sc="1" el="51" ec="2" bec="0" bev="0" fileid="17" />
                <SequencePoint vc="1" uspid="53" ordinal="5" sl="53" sc="1" el="53" ec="2" bec="0" bev="0" fileid="17" />
                <SequencePoint vc="1" uspid="54" ordinal="6" sl="54" sc="1" el="54" ec="2" bec="0" bev="0" fileid="17" />
                <SequencePoint vc="1" uspid="55" ordinal="7" sl="55" sc="1" el="55" ec="2" bec="0" bev="0" fileid="17" />
                <SequencePoint vc="1" uspid="56" ordinal="8" sl="56" sc="1" el="56" ec="2" bec="0" bev="0" fileid="17" />
              </SequencePoints>
              <BranchPoints>
                <BranchPoint vc="0" uspid="49" ordinal="0" path="0" offset="227" offsetend="229" sl="49" fileid="17" />
                <BranchPoint vc="1" uspid="49" ordinal="1" path="1" offset="227" offsetend="243" sl="49" fileid="17" />
              </BranchPoints>
              <MethodPoint vc="7" uspid="0" p8:type="SequencePoint" ordinal="0" offset="0" sc="0" sl="47" ec="1" el="56" bec="0" bev="0" fileid="17" xmlns:p8="xsi" />
            </Method>
          </Methods>
        </Class>
        <Class>
          <Summary numSequencePoints="4" visitedSequencePoints="4" numBranchPoints="2" visitedBranchPoints="1" sequenceCoverage="100" branchCoverage="50" maxCyclomaticComplexity="2" minCyclomaticComplexity="2" visitedClasses="1" numClasses="1" visitedMethods="1" numMethods="1" />
          <FullName>Persistence.Repository.v1.Repository`1/&lt;DeleteAsync&gt;d__6</FullName>
          <Methods>
            <Method cyclomaticComplexity="2" nPathComplexity="0" sequenceCoverage="100" branchCoverage="50" isConstructor="False" isGetter="False" isSetter="False" isStatic="True">
              <Summary numSequencePoints="4" visitedSequencePoints="4" numBranchPoints="2" visitedBranchPoints="1" sequenceCoverage="100" branchCoverage="50" maxCyclomaticComplexity="2" minCyclomaticComplexity="2" visitedClasses="0" numClasses="0" visitedMethods="1" numMethods="1" />
              <MetadataToken />
              <Name>System.Void Persistence.Repository.v1.Repository`1/&lt;DeleteAsync&gt;d__6::MoveNext()</Name>
              <FileRef uid="17" />
              <SequencePoints>
                <SequencePoint vc="1" uspid="59" ordinal="0" sl="59" sc="1" el="59" ec="2" bec="0" bev="0" fileid="17" />
                <SequencePoint vc="1" uspid="60" ordinal="1" sl="60" sc="1" el="60" ec="2" bec="0" bev="0" fileid="17" />
                <SequencePoint vc="1" uspid="62" ordinal="2" sl="62" sc="1" el="62" ec="2" bec="2" bev="1" fileid="17" />
                <SequencePoint vc="1" uspid="63" ordinal="3" sl="63" sc="1" el="63" ec="2" bec="0" bev="0" fileid="17" />
              </SequencePoints>
              <BranchPoints>
                <BranchPoint vc="1" uspid="62" ordinal="0" path="0" offset="306" offsetend="308" sl="62" fileid="17" />
                <BranchPoint vc="0" uspid="62" ordinal="1" path="1" offset="306" offsetend="325" sl="62" fileid="17" />
              </BranchPoints>
              <MethodPoint vc="4" uspid="0" p8:type="SequencePoint" ordinal="0" offset="0" sc="0" sl="59" ec="1" el="63" bec="0" bev="0" fileid="17" xmlns:p8="xsi" />
            </Method>
          </Methods>
        </Class>
        <Class>
          <Summary numSequencePoints="9" visitedSequencePoints="6" numBranchPoints="6" visitedBranchPoints="3" sequenceCoverage="66.66" branchCoverage="50" maxCyclomaticComplexity="6" minCyclomaticComplexity="6" visitedClasses="1" numClasses="1" visitedMethods="1" numMethods="1" />
          <FullName>Persistence.Repository.v1.Repository`1/&lt;GetByIdUserAndIdConsultantAsync&gt;d__7</FullName>
          <Methods>
            <Method cyclomaticComplexity="6" nPathComplexity="0" sequenceCoverage="66.66" branchCoverage="50" isConstructor="False" isGetter="False" isSetter="False" isStatic="True">
              <Summary numSequencePoints="9" visitedSequencePoints="6" numBranchPoints="6" visitedBranchPoints="3" sequenceCoverage="66.66" branchCoverage="50" maxCyclomaticComplexity="6" minCyclomaticComplexity="6" visitedClasses="0" numClasses="0" visitedMethods="1" numMethods="1" />
              <MetadataToken />
              <Name>System.Void Persistence.Repository.v1.Repository`1/&lt;GetByIdUserAndIdConsultantAsync&gt;d__7::MoveNext()</Name>
              <FileRef uid="17" />
              <SequencePoints>
                <SequencePoint vc="1" uspid="66" ordinal="0" sl="66" sc="1" el="66" ec="2" bec="0" bev="0" fileid="17" />
                <SequencePoint vc="1" uspid="67" ordinal="1" sl="67" sc="1" el="67" ec="2" bec="4" bev="2" fileid="17" />
                <SequencePoint vc="0" uspid="68" ordinal="2" sl="68" sc="1" el="68" ec="2" bec="0" bev="0" fileid="17" />
                <SequencePoint vc="1" uspid="69" ordinal="3" sl="69" sc="1" el="69" ec="2" bec="0" bev="0" fileid="17" />
                <SequencePoint vc="1" uspid="71" ordinal="4" sl="71" sc="1" el="71" ec="2" bec="2" bev="1" fileid="17" />
                <SequencePoint vc="0" uspid="72" ordinal="5" sl="72" sc="1" el="72" ec="2" bec="0" bev="0" fileid="17" />
                <SequencePoint vc="0" uspid="73" ordinal="6" sl="73" sc="1" el="73" ec="2" bec="0" bev="0" fileid="17" />
                <SequencePoint vc="1" uspid="75" ordinal="7" sl="75" sc="1" el="75" ec="2" bec="0" bev="0" fileid="17" />
                <SequencePoint vc="1" uspid="76" ordinal="8" sl="76" sc="1" el="76" ec="2" bec="0" bev="0" fileid="17" />
              </SequencePoints>
              <BranchPoints>
                <BranchPoint vc="1" uspid="67" ordinal="0" path="0" offset="79" offsetend="81" sl="67" fileid="17" />
                <BranchPoint vc="0" uspid="67" ordinal="1" path="1" offset="79" offsetend="99" sl="67" fileid="17" />
                <BranchPoint vc="0" uspid="67" ordinal="2" path="0" offset="102" offsetend="104" sl="67" fileid="17" />
                <BranchPoint vc="1" uspid="67" ordinal="3" path="1" offset="102" offsetend="117" sl="67" fileid="17" />
                <BranchPoint vc="0" uspid="71" ordinal="4" path="0" offset="471" offsetend="473" sl="71" fileid="17" />
                <BranchPoint vc="1" uspid="71" ordinal="5" path="1" offset="471" offsetend="484" sl="71" fileid="17" />
              </BranchPoints>
              <MethodPoint vc="6" uspid="0" p8:type="SequencePoint" ordinal="0" offset="0" sc="0" sl="66" ec="1" el="76" bec="0" bev="0" fileid="17" xmlns:p8="xsi" />
            </Method>
          </Methods>
        </Class>
        <Class>
          <Summary numSequencePoints="10" visitedSequencePoints="0" numBranchPoints="4" visitedBranchPoints="0" sequenceCoverage="0" branchCoverage="0" maxCyclomaticComplexity="4" minCyclomaticComplexity="4" visitedClasses="0" numClasses="1" visitedMethods="0" numMethods="1" />
          <FullName>Persistence.Repository.v1.Repository`1/&lt;GetAverageScorAsync&gt;d__8</FullName>
          <Methods>
            <Method cyclomaticComplexity="4" nPathComplexity="0" sequenceCoverage="0" branchCoverage="0" isConstructor="False" isGetter="False" isSetter="False" isStatic="True">
              <Summary numSequencePoints="10" visitedSequencePoints="0" numBranchPoints="4" visitedBranchPoints="0" sequenceCoverage="0" branchCoverage="0" maxCyclomaticComplexity="4" minCyclomaticComplexity="4" visitedClasses="0" numClasses="0" visitedMethods="0" numMethods="1" />
              <MetadataToken />
              <Name>System.Void Persistence.Repository.v1.Repository`1/&lt;GetAverageScorAsync&gt;d__8::MoveNext()</Name>
              <FileRef uid="17" />
              <SequencePoints>
                <SequencePoint vc="0" uspid="79" ordinal="0" sl="79" sc="1" el="79" ec="2" bec="0" bev="0" fileid="17" />
                <SequencePoint vc="0" uspid="80" ordinal="1" sl="80" sc="1" el="80" ec="2" bec="0" bev="0" fileid="17" />
                <SequencePoint vc="0" uspid="81" ordinal="2" sl="81" sc="1" el="81" ec="2" bec="2" bev="0" fileid="17" />
                <SequencePoint vc="0" uspid="82" ordinal="3" sl="82" sc="1" el="82" ec="2" bec="0" bev="0" fileid="17" />
                <SequencePoint vc="0" uspid="83" ordinal="4" sl="83" sc="1" el="83" ec="2" bec="2" bev="0" fileid="17" />
                <SequencePoint vc="0" uspid="84" ordinal="5" sl="84" sc="1" el="84" ec="2" bec="0" bev="0" fileid="17" />
                <SequencePoint vc="0" uspid="85" ordinal="6" sl="85" sc="1" el="85" ec="2" bec="0" bev="0" fileid="17" />
                <SequencePoint vc="0" uspid="86" ordinal="7" sl="86" sc="1" el="86" ec="2" bec="0" bev="0" fileid="17" />
                <SequencePoint vc="0" uspid="88" ordinal="8" sl="88" sc="1" el="88" ec="2" bec="0" bev="0" fileid="17" />
                <SequencePoint vc="0" uspid="89" ordinal="9" sl="89" sc="1" el="89" ec="2" bec="0" bev="0" fileid="17" />
              </SequencePoints>
              <BranchPoints>
                <BranchPoint vc="0" uspid="81" ordinal="0" path="0" offset="329" offsetend="331" sl="81" fileid="17" />
                <BranchPoint vc="0" uspid="81" ordinal="1" path="1" offset="329" offsetend="342" sl="81" fileid="17" />
                <BranchPoint vc="0" uspid="83" ordinal="3" path="1" offset="440" offsetend="369" sl="83" fileid="17" />
                <BranchPoint vc="0" uspid="83" ordinal="2" path="0" offset="440" offsetend="442" sl="83" fileid="17" />
              </BranchPoints>
              <MethodPoint vc="0" uspid="0" p8:type="SequencePoint" ordinal="0" offset="0" sc="0" sl="79" ec="1" el="89" bec="0" bev="0" fileid="17" xmlns:p8="xsi" />
            </Method>
          </Methods>
        </Class>
        <Class>
          <Summary numSequencePoints="9" visitedSequencePoints="9" numBranchPoints="0" visitedBranchPoints="0" sequenceCoverage="100" branchCoverage="100" maxCyclomaticComplexity="1" minCyclomaticComplexity="1" visitedClasses="1" numClasses="1" visitedMethods="3" numMethods="3" />
          <FullName>Persistence.Context.ApplicationDbContext</FullName>
          <Methods>
            <Method cyclomaticComplexity="1" nPathComplexity="0" sequenceCoverage="100" branchCoverage="100" isConstructor="False" isGetter="True" isSetter="False" isStatic="True">
              <Summary numSequencePoints="1" visitedSequencePoints="1" numBranchPoints="0" visitedBranchPoints="0" sequenceCoverage="100" branchCoverage="100" maxCyclomaticComplexity="1" minCyclomaticComplexity="1" visitedClasses="0" numClasses="0" visitedMethods="1" numMethods="1" />
              <MetadataToken />
              <Name>MongoDB.Driver.MongoClient Persistence.Context.ApplicationDbContext::get_Client()</Name>
              <FileRef uid="18" />
              <SequencePoints>
                <SequencePoint vc="3" uspid="10" ordinal="0" sl="10" sc="1" el="10" ec="2" bec="0" bev="0" fileid="18" />
              </SequencePoints>
              <BranchPoints />
              <MethodPoint vc="1" uspid="0" p8:type="SequencePoint" ordinal="0" offset="0" sc="0" sl="10" ec="1" el="10" bec="0" bev="0" fileid="18" xmlns:p8="xsi" />
            </Method>
            <Method cyclomaticComplexity="1" nPathComplexity="0" sequenceCoverage="100" branchCoverage="100" isConstructor="False" isGetter="False" isSetter="False" isStatic="True">
              <Summary numSequencePoints="3" visitedSequencePoints="3" numBranchPoints="0" visitedBranchPoints="0" sequenceCoverage="100" branchCoverage="100" maxCyclomaticComplexity="1" minCyclomaticComplexity="1" visitedClasses="0" numClasses="0" visitedMethods="1" numMethods="1" />
              <MetadataToken />
              <Name>MongoDB.Driver.IMongoCollection`1&lt;T&gt; Persistence.Context.ApplicationDbContext::GetCollection()</Name>
              <FileRef uid="18" />
              <SequencePoints>
                <SequencePoint vc="9" uspid="19" ordinal="0" sl="19" sc="1" el="19" ec="2" bec="0" bev="0" fileid="18" />
                <SequencePoint vc="9" uspid="20" ordinal="1" sl="20" sc="1" el="20" ec="2" bec="0" bev="0" fileid="18" />
                <SequencePoint vc="9" uspid="21" ordinal="2" sl="21" sc="1" el="21" ec="2" bec="0" bev="0" fileid="18" />
              </SequencePoints>
              <BranchPoints />
              <MethodPoint vc="3" uspid="0" p8:type="SequencePoint" ordinal="1" offset="1" sc="0" sl="19" ec="1" el="21" bec="0" bev="0" fileid="18" xmlns:p8="xsi" />
            </Method>
            <Method cyclomaticComplexity="1" nPathComplexity="0" sequenceCoverage="100" branchCoverage="100" isConstructor="True" isGetter="False" isSetter="False" isStatic="True">
              <Summary numSequencePoints="5" visitedSequencePoints="5" numBranchPoints="0" visitedBranchPoints="0" sequenceCoverage="100" branchCoverage="100" maxCyclomaticComplexity="1" minCyclomaticComplexity="1" visitedClasses="0" numClasses="0" visitedMethods="1" numMethods="1" />
              <MetadataToken />
              <Name>System.Void Persistence.Context.ApplicationDbContext::.ctor(Application.Interfaces.IEvaluationDatabaseSettings)</Name>
              <FileRef uid="18" />
              <SequencePoints>
                <SequencePoint vc="1" uspid="12" ordinal="0" sl="12" sc="1" el="12" ec="2" bec="0" bev="0" fileid="18" />
                <SequencePoint vc="1" uspid="13" ordinal="1" sl="13" sc="1" el="13" ec="2" bec="0" bev="0" fileid="18" />
                <SequencePoint vc="1" uspid="14" ordinal="2" sl="14" sc="1" el="14" ec="2" bec="0" bev="0" fileid="18" />
                <SequencePoint vc="1" uspid="15" ordinal="3" sl="15" sc="1" el="15" ec="2" bec="0" bev="0" fileid="18" />
                <SequencePoint vc="1" uspid="16" ordinal="4" sl="16" sc="1" el="16" ec="2" bec="0" bev="0" fileid="18" />
              </SequencePoints>
              <BranchPoints />
              <MethodPoint vc="5" uspid="0" p8:type="SequencePoint" ordinal="2" offset="2" sc="0" sl="12" ec="1" el="16" bec="0" bev="0" fileid="18" xmlns:p8="xsi" />
            </Method>
          </Methods>
        </Class>
        <Class>
          <Summary numSequencePoints="2" visitedSequencePoints="2" numBranchPoints="0" visitedBranchPoints="0" sequenceCoverage="100" branchCoverage="100" maxCyclomaticComplexity="1" minCyclomaticComplexity="1" visitedClasses="1" numClasses="1" visitedMethods="2" numMethods="2" />
          <FullName>Persistence.Context.EvaluationDatabaseSettings</FullName>
          <Methods>
            <Method cyclomaticComplexity="1" nPathComplexity="0" sequenceCoverage="100" branchCoverage="100" isConstructor="False" isGetter="True" isSetter="False" isStatic="True">
              <Summary numSequencePoints="1" visitedSequencePoints="1" numBranchPoints="0" visitedBranchPoints="0" sequenceCoverage="100" branchCoverage="100" maxCyclomaticComplexity="1" minCyclomaticComplexity="1" visitedClasses="0" numClasses="0" visitedMethods="1" numMethods="1" />
              <MetadataToken />
              <Name>System.String Persistence.Context.EvaluationDatabaseSettings::get_ConnectionString()</Name>
              <FileRef uid="19" />
              <SequencePoints>
                <SequencePoint vc="2" uspid="7" ordinal="0" sl="7" sc="1" el="7" ec="2" bec="0" bev="0" fileid="19" />
              </SequencePoints>
              <BranchPoints />
              <MethodPoint vc="1" uspid="0" p8:type="SequencePoint" ordinal="0" offset="0" sc="0" sl="7" ec="1" el="7" bec="0" bev="0" fileid="19" xmlns:p8="xsi" />
            </Method>
            <Method cyclomaticComplexity="1" nPathComplexity="0" sequenceCoverage="100" branchCoverage="100" isConstructor="False" isGetter="True" isSetter="False" isStatic="True">
              <Summary numSequencePoints="1" visitedSequencePoints="1" numBranchPoints="0" visitedBranchPoints="0" sequenceCoverage="100" branchCoverage="100" maxCyclomaticComplexity="1" minCyclomaticComplexity="1" visitedClasses="0" numClasses="0" visitedMethods="1" numMethods="1" />
              <MetadataToken />
              <Name>System.String Persistence.Context.EvaluationDatabaseSettings::get_DatabaseName()</Name>
              <FileRef uid="19" />
              <SequencePoints>
                <SequencePoint vc="2" uspid="8" ordinal="0" sl="8" sc="1" el="8" ec="2" bec="0" bev="0" fileid="19" />
              </SequencePoints>
              <BranchPoints />
              <MethodPoint vc="1" uspid="0" p8:type="SequencePoint" ordinal="1" offset="1" sc="0" sl="8" ec="1" el="8" bec="0" bev="0" fileid="19" xmlns:p8="xsi" />
            </Method>
          </Methods>
        </Class>
      </Classes>
    </Module>
    <Module hash="5E7DAFED-17F0-4706-B660-778B7B13C7C7">
      <ModulePath>Tests.Helpers.dll</ModulePath>
      <ModuleTime>2021-05-26T08:55:59</ModuleTime>
      <ModuleName>Tests.Helpers</ModuleName>
      <Files>
        <File uid="20" fullPath="C:\Fac\SysopSquadEvaluations\Evaluations\Tests.Helpers\CreateEvaluationCommandFactory.cs" />
        <File uid="21" fullPath="C:\Fac\SysopSquadEvaluations\Evaluations\Tests.Helpers\EvaluationsFactory.cs" />
        <File uid="22" fullPath="C:\Fac\SysopSquadEvaluations\Evaluations\Tests.Helpers\UpdateEvaluationByIdCommandFactory.cs" />
      </Files>
      <Classes>
        <Class>
[...]
              <Summary numSequencePoints="3" visitedSequencePoints="0" numBranchPoints="0" visitedBranchPoints="0" sequenceCoverage="0" branchCoverage="100" maxCyclomaticComplexity="1" minCyclomaticComplexity="1" visitedClasses="0" numClasses="0" visitedMethods="0" numMethods="1" />
              <MetadataToken />
              <Name>System.String WebAPI.Validators.ValidationErrors::get_InvalidScor()</Name>
              <FileRef uid="27" />
              <SequencePoints>
                <SequencePoint vc="0" uspid="112" ordinal="0" sl="112" sc="1" el="112" ec="2" bec="0" bev="0" fileid="27" />
                <SequencePoint vc="0" uspid="113" ordinal="1" sl="113" sc="1" el="113" ec="2" bec="0" bev="0" fileid="27" />
                <SequencePoint vc="0" uspid="114" ordinal="2" sl="114" sc="1" el="114" ec="2" bec="0" bev="0" fileid="27" />
              </SequencePoints>
              <BranchPoints />
              <MethodPoint vc="0" uspid="0" p8:type="SequencePoint" ordinal="8" offset="8" sc="0" sl="112" ec="1" el="114" bec="0" bev="0" fileid="27" xmlns:p8="xsi" />
            </Method>
            <Method cyclomaticComplexity="1" nPathComplexity="0" sequenceCoverage="0" branchCoverage="100" isConstructor="True" isGetter="False" isSetter="False" isStatic="True">
              <Summary numSequencePoints="2" visitedSequencePoints="0" numBranchPoints="0" visitedBranchPoints="0" sequenceCoverage="0" branchCoverage="100" maxCyclomaticComplexity="1" minCyclomaticComplexity="1" visitedClasses="0" numClasses="0" visitedMethods="0" numMethods="1" />
              <MetadataToken />
              <Name>System.Void WebAPI.Validators.ValidationErrors::.ctor()</Name>
              <FileRef uid="27" />
              <SequencePoints>
                <SequencePoint vc="0" uspid="32" ordinal="0" sl="32" sc="1" el="32" ec="2" bec="0" bev="0" fileid="27" />
                <SequencePoint vc="0" uspid="33" ordinal="1" sl="33" sc="1" el="33" ec="2" bec="0" bev="0" fileid="27" />
              </SequencePoints>
              <BranchPoints />
              <MethodPoint vc="0" uspid="0" p8:type="SequencePoint" ordinal="9" offset="9" sc="0" sl="32" ec="1" el="33" bec="0" bev="0" fileid="27" xmlns:p8="xsi" />
            </Method>
          </Methods>
        </Class>
        <Class>
          <Summary numSequencePoints="4" visitedSequencePoints="0" numBranchPoints="0" visitedBranchPoints="0" sequenceCoverage="0" branchCoverage="100" maxCyclomaticComplexity="1" minCyclomaticComplexity="1" visitedClasses="0" numClasses="1" visitedMethods="0" numMethods="1" />
          <FullName>WebAPI.Controllers.v1.BaseApiController</FullName>
          <Methods>
            <Method cyclomaticComplexity="1" nPathComplexity="0" sequenceCoverage="0" branchCoverage="100" isConstructor="True" isGetter="False" isSetter="False" isStatic="True">
              <Summary numSequencePoints="4" visitedSequencePoints="0" numBranchPoints="0" visitedBranchPoints="0" sequenceCoverage="0" branchCoverage="100" maxCyclomaticComplexity="1" minCyclomaticComplexity="1" visitedClasses="0" numClasses="0" visitedMethods="0" numMethods="1" />
              <MetadataToken />
              <Name>System.Void WebAPI.Controllers.v1.BaseApiController::.ctor(MediatR.IMediator)</Name>
              <FileRef uid="28" />
              <SequencePoints>
                <SequencePoint vc="0" uspid="13" ordinal="0" sl="13" sc="1" el="13" ec="2" bec="0" bev="0" fileid="28" />
                <SequencePoint vc="0" uspid="14" ordinal="1" sl="14" sc="1" el="14" ec="2" bec="0" bev="0" fileid="28" />
                <SequencePoint vc="0" uspid="15" ordinal="2" sl="15" sc="1" el="15" ec="2" bec="0" bev="0" fileid="28" />
                <SequencePoint vc="0" uspid="16" ordinal="3" sl="16" sc="1" el="16" ec="2" bec="0" bev="0" fileid="28" />
              </SequencePoints>
              <BranchPoints />
              <MethodPoint vc="0" uspid="0" p8:type="SequencePoint" ordinal="0" offset="0" sc="0" sl="13" ec="1" el="16" bec="0" bev="0" fileid="28" xmlns:p8="xsi" />
            </Method>
          </Methods>
        </Class>
        <Class>
          <Summary numSequencePoints="3" visitedSequencePoints="0" numBranchPoints="0" visitedBranchPoints="0" sequenceCoverage="0" branchCoverage="100" maxCyclomaticComplexity="1" minCyclomaticComplexity="1" visitedClasses="0" numClasses="1" visitedMethods="0" numMethods="1" />
          <FullName>WebAPI.Controllers.v1.EvaluationsController</FullName>
          <Methods>
            <Method cyclomaticComplexity="1" nPathComplexity="0" sequenceCoverage="0" branchCoverage="100" isConstructor="True" isGetter="False" isSetter="False" isStatic="True">
              <Summary numSequencePoints="3" visitedSequencePoints="0" numBranchPoints="0" visitedBranchPoints="0" sequenceCoverage="0" branchCoverage="100" maxCyclomaticComplexity="1" minCyclomaticComplexity="1" visitedClasses="0" numClasses="0" visitedMethods="0" numMethods="1" />
              <MetadataToken />
              <Name>System.Void WebAPI.Controllers.v1.EvaluationsController::.ctor(MediatR.IMediator)</Name>
              <FileRef uid="29" />
              <SequencePoints>
                <SequencePoint vc="0" uspid="18" ordinal="0" sl="18" sc="1" el="18" ec="2" bec="0" bev="0" fileid="29" />
                <SequencePoint vc="0" uspid="19" ordinal="1" sl="19" sc="1" el="19" ec="2" bec="0" bev="0" fileid="29" />
                <SequencePoint vc="0" uspid="20" ordinal="2" sl="20" sc="1" el="20" ec="2" bec="0" bev="0" fileid="29" />
              </SequencePoints>
              <BranchPoints />
              <MethodPoint vc="0" uspid="0" p8:type="SequencePoint" ordinal="0" offset="0" sc="0" sl="18" ec="1" el="20" bec="0" bev="0" fileid="29" xmlns:p8="xsi" />
            </Method>
          </Methods>
        </Class>
        <Class>
          <Summary numSequencePoints="3" visitedSequencePoints="0" numBranchPoints="0" visitedBranchPoints="0" sequenceCoverage="0" branchCoverage="100" maxCyclomaticComplexity="1" minCyclomaticComplexity="1" visitedClasses="0" numClasses="1" visitedMethods="0" numMethods="1" />
          <FullName>WebAPI.Controllers.v1.EvaluationsController/&lt;GetAll&gt;d__1</FullName>
          <Methods>
            <Method cyclomaticComplexity="1" nPathComplexity="0" sequenceCoverage="0" branchCoverage="100" isConstructor="False" isGetter="False" isSetter="False" isStatic="True">
              <Summary numSequencePoints="3" visitedSequencePoints="0" numBranchPoints="0" visitedBranchPoints="0" sequenceCoverage="0" branchCoverage="100" maxCyclomaticComplexity="1" minCyclomaticComplexity="1" visitedClasses="0" numClasses="0" visitedMethods="0" numMethods="1" />
              <MetadataToken />
              <Name>System.Void WebAPI.Controllers.v1.EvaluationsController/&lt;GetAll&gt;d__1::MoveNext()</Name>
              <FileRef uid="29" />
              <SequencePoints>
                <SequencePoint vc="0" uspid="24" ordinal="0" sl="24" sc="1" el="24" ec="2" bec="0" bev="0" fileid="29" />
                <SequencePoint vc="0" uspid="25" ordinal="1" sl="25" sc="1" el="25" ec="2" bec="0" bev="0" fileid="29" />
                <SequencePoint vc="0" uspid="26" ordinal="2" sl="26" sc="1" el="26" ec="2" bec="0" bev="0" fileid="29" />
              </SequencePoints>
              <BranchPoints />
              <MethodPoint vc="0" uspid="0" p8:type="SequencePoint" ordinal="0" offset="0" sc="0" sl="24" ec="1" el="26" bec="0" bev="0" fileid="29" xmlns:p8="xsi" />
            </Method>
          </Methods>
        </Class>
        <Class>
          <Summary numSequencePoints="7" visitedSequencePoints="0" numBranchPoints="0" visitedBranchPoints="0" sequenceCoverage="0" branchCoverage="100" maxCyclomaticComplexity="1" minCyclomaticComplexity="1" visitedClasses="0" numClasses="1" visitedMethods="0" numMethods="1" />
          <FullName>WebAPI.Controllers.v1.EvaluationsController/&lt;GetById&gt;d__2</FullName>
          <Methods>
            <Method cyclomaticComplexity="1" nPathComplexity="0" sequenceCoverage="0" branchCoverage="100" isConstructor="False" isGetter="False" isSetter="False" isStatic="True">
              <Summary numSequencePoints="7" visitedSequencePoints="0" numBranchPoints="0" visitedBranchPoints="0" sequenceCoverage="0" branchCoverage="100" maxCyclomaticComplexity="1" minCyclomaticComplexity="1" visitedClasses="0" numClasses="0" visitedMethods="0" numMethods="1" />
              <MetadataToken />
              <Name>System.Void WebAPI.Controllers.v1.EvaluationsController/&lt;GetById&gt;d__2::MoveNext()</Name>
              <FileRef uid="29" />
              <SequencePoints>
                <SequencePoint vc="0" uspid="31" ordinal="0" sl="31" sc="1" el="31" ec="2" bec="0" bev="0" fileid="29" />
                <SequencePoint vc="0" uspid="33" ordinal="1" sl="33" sc="1" el="33" ec="2" bec="0" bev="0" fileid="29" />
                <SequencePoint vc="0" uspid="34" ordinal="2" sl="34" sc="1" el="34" ec="2" bec="0" bev="0" fileid="29" />
                <SequencePoint vc="0" uspid="36" ordinal="3" sl="36" sc="1" el="36" ec="2" bec="0" bev="0" fileid="29" />
                <SequencePoint vc="0" uspid="37" ordinal="4" sl="37" sc="1" el="37" ec="2" bec="0" bev="0" fileid="29" />
                <SequencePoint vc="0" uspid="38" ordinal="5" sl="38" sc="1" el="38" ec="2" bec="0" bev="0" fileid="29" />
                <SequencePoint vc="0" uspid="40" ordinal="6" sl="40" sc="1" el="40" ec="2" bec="0" bev="0" fileid="29" />
              </SequencePoints>
              <BranchPoints />
              <MethodPoint vc="0" uspid="0" p8:type="SequencePoint" ordinal="0" offset="0" sc="0" sl="31" ec="1" el="40" bec="0" bev="0" fileid="29" xmlns:p8="xsi" />
            </Method>
          </Methods>
        </Class>
        <Class>
          <Summary numSequencePoints="7" visitedSequencePoints="0" numBranchPoints="0" visitedBranchPoints="0" sequenceCoverage="0" branchCoverage="100" maxCyclomaticComplexity="1" minCyclomaticComplexity="1" visitedClasses="0" numClasses="1" visitedMethods="0" numMethods="1" />
          <FullName>WebAPI.Controllers.v1.EvaluationsController/&lt;GetAverageScorById&gt;d__3</FullName>
          <Methods>
            <Method cyclomaticComplexity="1" nPathComplexity="0" sequenceCoverage="0" branchCoverage="100" isConstructor="False" isGetter="False" isSetter="False" isStatic="True">
              <Summary numSequencePoints="7" visitedSequencePoints="0" numBranchPoints="0" visitedBranchPoints="0" sequenceCoverage="0" branchCoverage="100" maxCyclomaticComplexity="1" minCyclomaticComplexity="1" visitedClasses="0" numClasses="0" visitedMethods="0" numMethods="1" />
              <MetadataToken />
              <Name>System.Void WebAPI.Controllers.v1.EvaluationsController/&lt;GetAverageScorById&gt;d__3::MoveNext()</Name>
              <FileRef uid="29" />
              <SequencePoints>
                <SequencePoint vc="0" uspid="44" ordinal="0" sl="44" sc="1" el="44" ec="2" bec="0" bev="0" fileid="29" />
                <SequencePoint vc="0" uspid="46" ordinal="1" sl="46" sc="1" el="46" ec="2" bec="0" bev="0" fileid="29" />
                <SequencePoint vc="0" uspid="47" ordinal="2" sl="47" sc="1" el="47" ec="2" bec="0" bev="0" fileid="29" />
                <SequencePoint vc="0" uspid="49" ordinal="3" sl="49" sc="1" el="49" ec="2" bec="0" bev="0" fileid="29" />
                <SequencePoint vc="0" uspid="50" ordinal="4" sl="50" sc="1" el="50" ec="2" bec="0" bev="0" fileid="29" />
                <SequencePoint vc="0" uspid="51" ordinal="5" sl="51" sc="1" el="51" ec="2" bec="0" bev="0" fileid="29" />
                <SequencePoint vc="0" uspid="54" ordinal="6" sl="54" sc="1" el="54" ec="2" bec="0" bev="0" fileid="29" />
              </SequencePoints>
              <BranchPoints />
              <MethodPoint vc="0" uspid="0" p8:type="SequencePoint" ordinal="0" offset="0" sc="0" sl="44" ec="1" el="54" bec="0" bev="0" fileid="29" xmlns:p8="xsi" />
            </Method>
          </Methods>
        </Class>
        <Class>
          <Summary numSequencePoints="12" visitedSequencePoints="0" numBranchPoints="2" visitedBranchPoints="0" sequenceCoverage="0" branchCoverage="0" maxCyclomaticComplexity="2" minCyclomaticComplexity="2" visitedClasses="0" numClasses="1" visitedMethods="0" numMethods="1" />
          <FullName>WebAPI.Controllers.v1.EvaluationsController/&lt;Create&gt;d__4</FullName>
          <Methods>
            <Method cyclomaticComplexity="2" nPathComplexity="0" sequenceCoverage="0" branchCoverage="0" isConstructor="False" isGetter="False" isSetter="False" isStatic="True">
              <Summary numSequencePoints="12" visitedSequencePoints="0" numBranchPoints="2" visitedBranchPoints="0" sequenceCoverage="0" branchCoverage="0" maxCyclomaticComplexity="2" minCyclomaticComplexity="2" visitedClasses="0" numClasses="0" visitedMethods="0" numMethods="1" />
              <MetadataToken />
              <Name>System.Void WebAPI.Controllers.v1.EvaluationsController/&lt;Create&gt;d__4::MoveNext()</Name>
              <FileRef uid="29" />
              <SequencePoints>
                <SequencePoint vc="0" uspid="60" ordinal="0" sl="60" sc="1" el="60" ec="2" bec="0" bev="0" fileid="29" />
                <SequencePoint vc="0" uspid="61" ordinal="1" sl="61" sc="1" el="61" ec="2" bec="0" bev="0" fileid="29" />
                <SequencePoint vc="0" uspid="62" ordinal="2" sl="62" sc="1" el="62" ec="2" bec="2" bev="0" fileid="29" />
                <SequencePoint vc="0" uspid="63" ordinal="3" sl="63" sc="1" el="63" ec="2" bec="0" bev="0" fileid="29" />
                <SequencePoint vc="0" uspid="64" ordinal="4" sl="64" sc="1" el="64" ec="2" bec="0" bev="0" fileid="29" />
                <SequencePoint vc="0" uspid="65" ordinal="5" sl="65" sc="1" el="65" ec="2" bec="0" bev="0" fileid="29" />
                <SequencePoint vc="0" uspid="66" ordinal="6" sl="66" sc="1" el="66" ec="2" bec="0" bev="0" fileid="29" />
                <SequencePoint vc="0" uspid="67" ordinal="7" sl="67" sc="1" el="67" ec="2" bec="0" bev="0" fileid="29" />
                <SequencePoint vc="0" uspid="68" ordinal="8" sl="68" sc="1" el="68" ec="2" bec="0" bev="0" fileid="29" />
                <SequencePoint vc="0" uspid="69" ordinal="9" sl="69" sc="1" el="69" ec="2" bec="0" bev="0" fileid="29" />
                <SequencePoint vc="0" uspid="70" ordinal="10" sl="70" sc="1" el="70" ec="2" bec="0" bev="0" fileid="29" />
                <SequencePoint vc="0" uspid="71" ordinal="11" sl="71" sc="1" el="71" ec="2" bec="0" bev="0" fileid="29" />
              </SequencePoints>
              <BranchPoints>
                <BranchPoint vc="0" uspid="62" ordinal="0" path="0" offset="174" offsetend="176" sl="62" fileid="29" />
                <BranchPoint vc="0" uspid="62" ordinal="1" path="1" offset="174" offsetend="190" sl="62" fileid="29" />
              </BranchPoints>
              <MethodPoint vc="0" uspid="0" p8:type="SequencePoint" ordinal="0" offset="0" sc="0" sl="60" ec="1" el="71" bec="0" bev="0" fileid="29" xmlns:p8="xsi" />
            </Method>
          </Methods>
        </Class>
        <Class>
          <Summary numSequencePoints="8" visitedSequencePoints="0" numBranchPoints="0" visitedBranchPoints="0" sequenceCoverage="0" branchCoverage="100" maxCyclomaticComplexity="1" minCyclomaticComplexity="1" visitedClasses="0" numClasses="1" visitedMethods="0" numMethods="1" />
          <FullName>WebAPI.Controllers.v1.EvaluationsController/&lt;Update&gt;d__5</FullName>
          <Methods>
            <Method cyclomaticComplexity="1" nPathComplexity="0" sequenceCoverage="0" branchCoverage="100" isConstructor="False" isGetter="False" isSetter="False" isStatic="True">
              <Summary numSequencePoints="8" visitedSequencePoints="0" numBranchPoints="0" visitedBranchPoints="0" sequenceCoverage="0" branchCoverage="100" maxCyclomaticComplexity="1" minCyclomaticComplexity="1" visitedClasses="0" numClasses="0" visitedMethods="0" numMethods="1" />
              <MetadataToken />
              <Name>System.Void WebAPI.Controllers.v1.EvaluationsController/&lt;Update&gt;d__5::MoveNext()</Name>
              <FileRef uid="29" />
              <SequencePoints>
                <SequencePoint vc="0" uspid="77" ordinal="0" sl="77" sc="1" el="77" ec="2" bec="0" bev="0" fileid="29" />
                <SequencePoint vc="0" uspid="79" ordinal="1" sl="79" sc="1" el="79" ec="2" bec="0" bev="0" fileid="29" />
                <SequencePoint vc="0" uspid="80" ordinal="2" sl="80" sc="1" el="80" ec="2" bec="0" bev="0" fileid="29" />
                <SequencePoint vc="0" uspid="81" ordinal="3" sl="81" sc="1" el="81" ec="2" bec="0" bev="0" fileid="29" />
                <SequencePoint vc="0" uspid="83" ordinal="4" sl="83" sc="1" el="83" ec="2" bec="0" bev="0" fileid="29" />
                <SequencePoint vc="0" uspid="84" ordinal="5" sl="84" sc="1" el="84" ec="2" bec="0" bev="0" fileid="29" />
                <SequencePoint vc="0" uspid="85" ordinal="6" sl="85" sc="1" el="85" ec="2" bec="0" bev="0" fileid="29" />
                <SequencePoint vc="0" uspid="87" ordinal="7" sl="87" sc="1" el="87" ec="2" bec="0" bev="0" fileid="29" />
              </SequencePoints>
              <BranchPoints />
              <MethodPoint vc="0" uspid="0" p8:type="SequencePoint" ordinal="0" offset="0" sc="0" sl="77" ec="1" el="87" bec="0" bev="0" fileid="29" xmlns:p8="xsi" />
            </Method>
          </Methods>
        </Class>
        <Class>
          <Summary numSequencePoints="6" visitedSequencePoints="0" numBranchPoints="2" visitedBranchPoints="0" sequenceCoverage="0" branchCoverage="0" maxCyclomaticComplexity="2" minCyclomaticComplexity="2" visitedClasses="0" numClasses="1" visitedMethods="0" numMethods="1" />
          <FullName>WebAPI.Controllers.v1.EvaluationsController/&lt;Delete&gt;d__6</FullName>
          <Methods>
            <Method cyclomaticComplexity="2" nPathComplexity="0" sequenceCoverage="0" branchCoverage="0" isConstructor="False" isGetter="False" isSetter="False" isStatic="True">
              <Summary numSequencePoints="6" visitedSequencePoints="0" numBranchPoints="2" visitedBranchPoints="0" sequenceCoverage="0" branchCoverage="0" maxCyclomaticComplexity="2" minCyclomaticComplexity="2" visitedClasses="0" numClasses="0" visitedMethods="0" numMethods="1" />
              <MetadataToken />
              <Name>System.Void WebAPI.Controllers.v1.EvaluationsController/&lt;Delete&gt;d__6::MoveNext()</Name>
              <FileRef uid="29" />
              <SequencePoints>
                <SequencePoint vc="0" uspid="93" ordinal="0" sl="93" sc="1" el="93" ec="2" bec="0" bev="0" fileid="29" />
                <SequencePoint vc="0" uspid="94" ordinal="1" sl="94" sc="1" el="94" ec="2" bec="0" bev="0" fileid="29" />
                <SequencePoint vc="0" uspid="95" ordinal="2" sl="95" sc="1" el="95" ec="2" bec="2" bev="0" fileid="29" />
                <SequencePoint vc="0" uspid="96" ordinal="3" sl="96" sc="1" el="96" ec="2" bec="0" bev="0" fileid="29" />
                <SequencePoint vc="0" uspid="97" ordinal="4" sl="97" sc="1" el="97" ec="2" bec="0" bev="0" fileid="29" />
                <SequencePoint vc="0" uspid="98" ordinal="5" sl="98" sc="1" el="98" ec="2" bec="0" bev="0" fileid="29" />
              </SequencePoints>
              <BranchPoints>
                <BranchPoint vc="0" uspid="95" ordinal="0" path="0" offset="169" offsetend="171" sl="95" fileid="29" />
                <BranchPoint vc="0" uspid="95" ordinal="1" path="1" offset="169" offsetend="185" sl="95" fileid="29" />
              </BranchPoints>
              <MethodPoint vc="0" uspid="0" p8:type="SequencePoint" ordinal="0" offset="0" sc="0" sl="93" ec="1" el="98" bec="0" bev="0" fileid="29" xmlns:p8="xsi" />
            </Method>
          </Methods>
        </Class>
      </Classes>
    </Module>
  </Modules>
</CoverageSession>